11-Jan-2022 00:57:35.953 INFO [main] org.apache.catalina.core.ApplicationContext.log ContextListener: contextInitialized()
11-Jan-2022 00:57:35.954 INFO [main] org.apache.catalina.core.ApplicationContext.log SessionListener: contextInitialized()
11-Jan-2022 00:57:35.955 INFO [main] org.apache.catalina.core.ApplicationContext.log ContextListener: attributeAdded('StockTicker', 'async.Stockticker@ecb8b3e')
11-Jan-2022 01:04:35.030 INFO [main] org.apache.catalina.core.ApplicationContext.log SessionListener: contextDestroyed()
11-Jan-2022 01:04:35.030 INFO [main] org.apache.catalina.core.ApplicationContext.log ContextListener: contextDestroyed()
11-Jan-2022 01:05:23.778 INFO [main] org.apache.catalina.core.ApplicationContext.log ContextListener: contextInitialized()
11-Jan-2022 01:05:23.778 INFO [main] org.apache.catalina.core.ApplicationContext.log SessionListener: contextInitialized()
11-Jan-2022 01:05:23.779 INFO [main] org.apache.catalina.core.ApplicationContext.log ContextListener: attributeAdded('StockTicker', 'async.Stockticker@4a490518')
11-Jan-2022 01:09:44.422 INFO [main] org.apache.catalina.core.ApplicationContext.log SessionListener: contextDestroyed()
11-Jan-2022 01:09:44.422 INFO [main] org.apache.catalina.core.ApplicationContext.log ContextListener: contextDestroyed()
11-Jan-2022 01:09:50.937 INFO [main] org.apache.catalina.core.ApplicationContext.log ContextListener: contextInitialized()
11-Jan-2022 01:09:50.937 INFO [main] org.apache.catalina.core.ApplicationContext.log SessionListener: contextInitialized()
11-Jan-2022 01:09:50.938 INFO [main] org.apache.catalina.core.ApplicationContext.log ContextListener: attributeAdded('StockTicker', 'async.Stockticker@7524125c')
11-Jan-2022 01:12:06.800 INFO [main] org.apache.catalina.core.ApplicationContext.log SessionListener: contextDestroyed()
11-Jan-2022 01:12:06.800 INFO [main] org.apache.catalina.core.ApplicationContext.log ContextListener: contextDestroyed()
11-Jan-2022 01:12:26.322 INFO [main] org.apache.catalina.core.ApplicationContext.log ContextListener: contextInitialized()
11-Jan-2022 01:12:26.322 INFO [main] org.apache.catalina.core.ApplicationContext.log SessionListener: contextInitialized()
11-Jan-2022 01:12:26.323 INFO [main] org.apache.catalina.core.ApplicationContext.log ContextListener: attributeAdded('StockTicker', 'async.Stockticker@24d73c51')
11-Jan-2022 01:14:10.062 INFO [main] org.apache.catalina.core.ApplicationContext.log SessionListener: contextDestroyed()
11-Jan-2022 01:14:10.062 INFO [main] org.apache.catalina.core.ApplicationContext.log ContextListener: contextDestroyed()
11-Jan-2022 01:15:10.620 INFO [main] org.apache.catalina.core.ApplicationContext.log ContextListener: contextInitialized()
11-Jan-2022 01:15:10.620 INFO [main] org.apache.catalina.core.ApplicationContext.log SessionListener: contextInitialized()
11-Jan-2022 01:15:10.622 INFO [main] org.apache.catalina.core.ApplicationContext.log ContextListener: attributeAdded('StockTicker', 'async.Stockticker@66e434e8')
11-Jan-2022 01:19:31.733 INFO [main] org.apache.catalina.core.ApplicationContext.log SessionListener: contextDestroyed()
11-Jan-2022 01:19:31.733 INFO [main] org.apache.catalina.core.ApplicationContext.log ContextListener: contextDestroyed()
11-Jan-2022 01:20:03.584 INFO [main] org.apache.catalina.core.ApplicationContext.log ContextListener: contextInitialized()
11-Jan-2022 01:20:03.584 INFO [main] org.apache.catalina.core.ApplicationContext.log SessionListener: contextInitialized()
11-Jan-2022 01:20:03.585 INFO [main] org.apache.catalina.core.ApplicationContext.log ContextListener: attributeAdded('StockTicker', 'async.Stockticker@7f6a6d46')
11-Jan-2022 01:20:25.677 INFO [main] org.apache.catalina.core.ApplicationContext.log SessionListener: contextDestroyed()
11-Jan-2022 01:20:25.677 INFO [main] org.apache.catalina.core.ApplicationContext.log ContextListener: contextDestroyed()
11-Jan-2022 01:20:29.675 INFO [main] org.apache.catalina.core.ApplicationContext.log ContextListener: contextInitialized()
11-Jan-2022 01:20:29.675 INFO [main] org.apache.catalina.core.ApplicationContext.log SessionListener: contextInitialized()
11-Jan-2022 01:20:29.677 INFO [main] org.apache.catalina.core.ApplicationContext.log ContextListener: attributeAdded('StockTicker', 'async.Stockticker@6f0ca692')
11-Jan-2022 01:24:23.855 INFO [main] org.apache.catalina.core.ApplicationContext.log SessionListener: contextDestroyed()
11-Jan-2022 01:24:23.855 INFO [main] org.apache.catalina.core.ApplicationContext.log ContextListener: contextDestroyed()
11-Jan-2022 01:25:22.131 INFO [main] org.apache.catalina.core.ApplicationContext.log ContextListener: contextInitialized()
11-Jan-2022 01:25:22.132 INFO [main] org.apache.catalina.core.ApplicationContext.log SessionListener: contextInitialized()
11-Jan-2022 01:25:22.133 INFO [main] org.apache.catalina.core.ApplicationContext.log ContextListener: attributeAdded('StockTicker', 'async.Stockticker@277f7dd3')
11-Jan-2022 01:28:49.515 INFO [main] org.apache.catalina.core.ApplicationContext.log SessionListener: contextDestroyed()
11-Jan-2022 01:28:49.515 INFO [main] org.apache.catalina.core.ApplicationContext.log ContextListener: contextDestroyed()
11-Jan-2022 01:29:56.837 INFO [main] org.apache.catalina.core.ApplicationContext.log ContextListener: contextInitialized()
11-Jan-2022 01:29:56.837 INFO [main] org.apache.catalina.core.ApplicationContext.log SessionListener: contextInitialized()
11-Jan-2022 01:29:56.838 INFO [main] org.apache.catalina.core.ApplicationContext.log ContextListener: attributeAdded('StockTicker', 'async.Stockticker@165b2f7f')
11-Jan-2022 01:30:01.953 INFO [main] org.apache.catalina.core.ApplicationContext.log SessionListener: contextDestroyed()
11-Jan-2022 01:30:01.953 INFO [main] org.apache.catalina.core.ApplicationContext.log ContextListener: contextDestroyed()
11-Jan-2022 01:30:05.959 INFO [main] org.apache.catalina.core.ApplicationContext.log ContextListener: contextInitialized()
11-Jan-2022 01:30:05.959 INFO [main] org.apache.catalina.core.ApplicationContext.log SessionListener: contextInitialized()
11-Jan-2022 01:30:05.961 INFO [main] org.apache.catalina.core.ApplicationContext.log ContextListener: attributeAdded('StockTicker', 'async.Stockticker@83298d7')
11-Jan-2022 01:34:32.967 INFO [main] org.apache.catalina.core.ApplicationContext.log SessionListener: contextDestroyed()
11-Jan-2022 01:34:32.968 INFO [main] org.apache.catalina.core.ApplicationContext.log ContextListener: contextDestroyed()
11-Jan-2022 01:34:51.595 INFO [main] org.apache.catalina.core.ApplicationContext.log ContextListener: contextInitialized()
11-Jan-2022 01:34:51.595 INFO [main] org.apache.catalina.core.ApplicationContext.log SessionListener: contextInitialized()
11-Jan-2022 01:34:51.597 INFO [main] org.apache.catalina.core.ApplicationContext.log ContextListener: attributeAdded('StockTicker', 'async.Stockticker@2364305a')
11-Jan-2022 01:37:08.029 INFO [main] org.apache.catalina.core.ApplicationContext.log SessionListener: contextDestroyed()
11-Jan-2022 01:37:08.029 INFO [main] org.apache.catalina.core.ApplicationContext.log ContextListener: contextDestroyed()
11-Jan-2022 01:52:50.389 INFO [main] org.apache.catalina.core.ApplicationContext.log ContextListener: contextInitialized()
11-Jan-2022 01:52:50.389 INFO [main] org.apache.catalina.core.ApplicationContext.log SessionListener: contextInitialized()
11-Jan-2022 01:52:50.390 INFO [main] org.apache.catalina.core.ApplicationContext.log ContextListener: attributeAdded('StockTicker', 'async.Stockticker@5089a72b')
11-Jan-2022 02:02:21.743 INFO [main] org.apache.catalina.core.ApplicationContext.log SessionListener: contextDestroyed()
11-Jan-2022 02:02:21.743 INFO [main] org.apache.catalina.core.ApplicationContext.log ContextListener: contextDestroyed()
11-Jan-2022 02:02:50.166 INFO [main] org.apache.catalina.core.ApplicationContext.log ContextListener: contextInitialized()
11-Jan-2022 02:02:50.167 INFO [main] org.apache.catalina.core.ApplicationContext.log SessionListener: contextInitialized()
11-Jan-2022 02:02:50.168 INFO [main] org.apache.catalina.core.ApplicationContext.log ContextListener: attributeAdded('StockTicker', 'async.Stockticker@4ba534b0')
11-Jan-2022 02:06:37.096 INFO [main] org.apache.catalina.core.ApplicationContext.log SessionListener: contextDestroyed()
11-Jan-2022 02:06:37.096 INFO [main] org.apache.catalina.core.ApplicationContext.log ContextListener: contextDestroyed()
11-Jan-2022 02:08:30.942 INFO [main] org.apache.catalina.core.ApplicationContext.log ContextListener: contextInitialized()
11-Jan-2022 02:08:30.942 INFO [main] org.apache.catalina.core.ApplicationContext.log SessionListener: contextInitialized()
11-Jan-2022 02:08:30.943 INFO [main] org.apache.catalina.core.ApplicationContext.log ContextListener: attributeAdded('StockTicker', 'async.Stockticker@6167a456')
11-Jan-2022 02:12:35.013 INFO [main] org.apache.catalina.core.ApplicationContext.log SessionListener: contextDestroyed()
11-Jan-2022 02:12:35.013 INFO [main] org.apache.catalina.core.ApplicationContext.log ContextListener: contextDestroyed()
11-Jan-2022 02:12:41.546 INFO [main] org.apache.catalina.core.ApplicationContext.log ContextListener: contextInitialized()
11-Jan-2022 02:12:41.546 INFO [main] org.apache.catalina.core.ApplicationContext.log SessionListener: contextInitialized()
11-Jan-2022 02:12:41.547 INFO [main] org.apache.catalina.core.ApplicationContext.log ContextListener: attributeAdded('StockTicker', 'async.Stockticker@357e7113')
11-Jan-2022 02:21:05.611 INFO [main] org.apache.catalina.core.ApplicationContext.log SessionListener: contextDestroyed()
11-Jan-2022 02:21:05.611 INFO [main] org.apache.catalina.core.ApplicationContext.log ContextListener: contextDestroyed()
11-Jan-2022 15:06:12.265 INFO [main] org.apache.catalina.core.ApplicationContext.log ContextListener: contextInitialized()
11-Jan-2022 15:06:12.265 INFO [main] org.apache.catalina.core.ApplicationContext.log SessionListener: contextInitialized()
11-Jan-2022 15:06:12.266 INFO [main] org.apache.catalina.core.ApplicationContext.log ContextListener: attributeAdded('StockTicker', 'async.Stockticker@4e553d60')
11-Jan-2022 15:06:25.668 INFO [main] org.apache.catalina.core.ApplicationContext.log SessionListener: contextDestroyed()
11-Jan-2022 15:06:25.668 INFO [main] org.apache.catalina.core.ApplicationContext.log ContextListener: contextDestroyed()
11-Jan-2022 15:06:32.000 INFO [main] org.apache.catalina.core.ApplicationContext.log ContextListener: contextInitialized()
11-Jan-2022 15:06:32.000 INFO [main] org.apache.catalina.core.ApplicationContext.log SessionListener: contextInitialized()
11-Jan-2022 15:06:32.002 INFO [main] org.apache.catalina.core.ApplicationContext.log ContextListener: attributeAdded('StockTicker', 'async.Stockticker@477906cf')
11-Jan-2022 15:07:49.841 INFO [main] org.apache.catalina.core.ApplicationContext.log SessionListener: contextDestroyed()
11-Jan-2022 15:07:49.841 INFO [main] org.apache.catalina.core.ApplicationContext.log ContextListener: contextDestroyed()
11-Jan-2022 15:15:11.012 INFO [main] org.apache.catalina.core.ApplicationContext.log ContextListener: contextInitialized()
11-Jan-2022 15:15:11.012 INFO [main] org.apache.catalina.core.ApplicationContext.log SessionListener: contextInitialized()
11-Jan-2022 15:15:11.014 INFO [main] org.apache.catalina.core.ApplicationContext.log ContextListener: attributeAdded('StockTicker', 'async.Stockticker@477906cf')
11-Jan-2022 15:15:20.956 INFO [main] org.apache.catalina.core.ApplicationContext.log SessionListener: contextDestroyed()
11-Jan-2022 15:15:20.956 INFO [main] org.apache.catalina.core.ApplicationContext.log ContextListener: contextDestroyed()
11-Jan-2022 15:15:27.315 INFO [main] org.apache.catalina.core.ApplicationContext.log ContextListener: contextInitialized()
11-Jan-2022 15:15:27.315 INFO [main] org.apache.catalina.core.ApplicationContext.log SessionListener: contextInitialized()
11-Jan-2022 15:15:27.316 INFO [main] org.apache.catalina.core.ApplicationContext.log ContextListener: attributeAdded('StockTicker', 'async.Stockticker@35e3f3b8')
11-Jan-2022 15:16:19.049 SEVERE [http-nio-8080-exec-3] org.apache.catalina.core.StandardWrapperValve.invoke Servlet.service() for servlet [orchestrator.ApplicationConfig] in context with path [/RESTService] threw exception [org.glassfish.jersey.server.ContainerException: java.net.ConnectException: Connection timed out: no further information] with root cause
	java.net.ConnectException: Connection timed out: no further information
		at java.base/sun.nio.ch.Net.pollConnect(Native Method)
		at java.base/sun.nio.ch.Net.pollConnectNow(Net.java:672)
		at java.base/sun.nio.ch.NioSocketImpl.timedFinishConnect(NioSocketImpl.java:549)
		at java.base/sun.nio.ch.NioSocketImpl.connect(NioSocketImpl.java:597)
		at java.base/java.net.SocksSocketImpl.connect(SocksSocketImpl.java:327)
		at java.base/java.net.Socket.connect(Socket.java:633)
		at com.rabbitmq.client.impl.SocketFrameHandlerFactory.create(SocketFrameHandlerFactory.java:60)
		at com.rabbitmq.client.impl.recovery.RecoveryAwareAMQConnectionFactory.newConnection(RecoveryAwareAMQConnectionFactory.java:63)
		at com.rabbitmq.client.impl.recovery.AutorecoveringConnection.init(AutorecoveringConnection.java:160)
		at com.rabbitmq.client.ConnectionFactory.newConnection(ConnectionFactory.java:1216)
		at com.rabbitmq.client.ConnectionFactory.newConnection(ConnectionFactory.java:1173)
		at com.rabbitmq.client.ConnectionFactory.newConnection(ConnectionFactory.java:1131)
		at com.rabbitmq.client.ConnectionFactory.newConnection(ConnectionFactory.java:1294)
		at orchestrator.RabbitMQSender.sendTravelExchange(RabbitMQSender.java:38)
		at orchestrator.Trips.putJson(Trips.java:108)
		at java.base/jdk.internal.reflect.NativeMethodAccessorImpl.invoke0(Native Method)
		at java.base/jdk.internal.reflect.NativeMethodAccessorImpl.invoke(NativeMethodAccessorImpl.java:77)
		at java.base/jdk.internal.reflect.DelegatingMethodAccessorImpl.invoke(DelegatingMethodAccessorImpl.java:43)
		at java.base/java.lang.reflect.Method.invoke(Method.java:568)
		at org.glassfish.jersey.server.model.internal.ResourceMethodInvocationHandlerFactory.lambda$static$0(ResourceMethodInvocationHandlerFactory.java:52)
		at org.glassfish.jersey.server.model.internal.AbstractJavaResourceMethodDispatcher$1.run(AbstractJavaResourceMethodDispatcher.java:124)
		at org.glassfish.jersey.server.model.internal.AbstractJavaResourceMethodDispatcher.invoke(AbstractJavaResourceMethodDispatcher.java:167)
		at org.glassfish.jersey.server.model.internal.JavaResourceMethodDispatcherProvider$VoidOutInvoker.doDispatch(JavaResourceMethodDispatcherProvider.java:159)
		at org.glassfish.jersey.server.model.internal.AbstractJavaResourceMethodDispatcher.dispatch(AbstractJavaResourceMethodDispatcher.java:79)
		at org.glassfish.jersey.server.model.ResourceMethodInvoker.invoke(ResourceMethodInvoker.java:475)
		at org.glassfish.jersey.server.model.ResourceMethodInvoker.apply(ResourceMethodInvoker.java:397)
		at org.glassfish.jersey.server.model.ResourceMethodInvoker.apply(ResourceMethodInvoker.java:81)
		at org.glassfish.jersey.server.ServerRuntime$1.run(ServerRuntime.java:255)
		at org.glassfish.jersey.internal.Errors$1.call(Errors.java:248)
		at org.glassfish.jersey.internal.Errors$1.call(Errors.java:244)
		at org.glassfish.jersey.internal.Errors.process(Errors.java:292)
		at org.glassfish.jersey.internal.Errors.process(Errors.java:274)
		at org.glassfish.jersey.internal.Errors.process(Errors.java:244)
		at org.glassfish.jersey.process.internal.RequestScope.runInScope(RequestScope.java:265)
		at org.glassfish.jersey.server.ServerRuntime.process(ServerRuntime.java:234)
		at org.glassfish.jersey.server.ApplicationHandler.handle(ApplicationHandler.java:680)
		at org.glassfish.jersey.servlet.WebComponent.serviceImpl(WebComponent.java:394)
		at org.glassfish.jersey.servlet.WebComponent.service(WebComponent.java:346)
		at org.glassfish.jersey.servlet.ServletContainer.service(ServletContainer.java:366)
		at org.glassfish.jersey.servlet.ServletContainer.service(ServletContainer.java:319)
		at org.glassfish.jersey.servlet.ServletContainer.service(ServletContainer.java:205)
		at org.apache.catalina.core.ApplicationFilterChain.internalDoFilter(ApplicationFilterChain.java:227)
		at org.apache.catalina.core.ApplicationFilterChain.doFilter(ApplicationFilterChain.java:162)
		at org.apache.tomcat.websocket.server.WsFilter.doFilter(WsFilter.java:53)
		at org.apache.catalina.core.ApplicationFilterChain.internalDoFilter(ApplicationFilterChain.java:189)
		at org.apache.catalina.core.ApplicationFilterChain.doFilter(ApplicationFilterChain.java:162)
		at org.apache.catalina.core.StandardWrapperValve.invoke(StandardWrapperValve.java:197)
		at org.apache.catalina.core.StandardContextValve.invoke(StandardContextValve.java:97)
		at org.apache.catalina.authenticator.AuthenticatorBase.invoke(AuthenticatorBase.java:540)
		at org.apache.catalina.core.StandardHostValve.invoke(StandardHostValve.java:135)
		at org.apache.catalina.valves.ErrorReportValve.invoke(ErrorReportValve.java:92)
		at org.apache.catalina.valves.AbstractAccessLogValve.invoke(AbstractAccessLogValve.java:687)
		at org.apache.catalina.core.StandardEngineValve.invoke(StandardEngineValve.java:78)
		at org.apache.catalina.connector.CoyoteAdapter.service(CoyoteAdapter.java:357)
		at org.apache.coyote.http11.Http11Processor.service(Http11Processor.java:382)
		at org.apache.coyote.AbstractProcessorLight.process(AbstractProcessorLight.java:65)
		at org.apache.coyote.AbstractProtocol$ConnectionHandler.process(AbstractProtocol.java:895)
		at org.apache.tomcat.util.net.NioEndpoint$SocketProcessor.doRun(NioEndpoint.java:1732)
		at org.apache.tomcat.util.net.SocketProcessorBase.run(SocketProcessorBase.java:49)
		at org.apache.tomcat.util.threads.ThreadPoolExecutor.runWorker(ThreadPoolExecutor.java:1191)
		at org.apache.tomcat.util.threads.ThreadPoolExecutor$Worker.run(ThreadPoolExecutor.java:659)
		at org.apache.tomcat.util.threads.TaskThread$WrappingRunnable.run(TaskThread.java:61)
		at java.base/java.lang.Thread.run(Thread.java:833)
11-Jan-2022 15:18:27.403 INFO [main] org.apache.catalina.core.ApplicationContext.log SessionListener: contextDestroyed()
11-Jan-2022 15:18:27.403 INFO [main] org.apache.catalina.core.ApplicationContext.log ContextListener: contextDestroyed()
