02-Jan-2022 00:41:35.471 SEVERE [http-nio-8080-exec-80] org.apache.catalina.core.StandardWrapperValve.invoke Servlet.service() for servlet [orchestrator.ApplicationConfig] in context with path [/RESTService] threw exception [java.lang.NullPointerException: Cannot invoke "java.util.List.size()" because "orchestrator.TravelDetails.details" is null] with root cause
	java.lang.NullPointerException: Cannot invoke "java.util.List.size()" because "orchestrator.TravelDetails.details" is null
		at orchestrator.TravelDetails.getJson(TravelDetails.java:41)
		at java.base/jdk.internal.reflect.NativeMethodAccessorImpl.invoke0(Native Method)
		at java.base/jdk.internal.reflect.NativeMethodAccessorImpl.invoke(NativeMethodAccessorImpl.java:77)
		at java.base/jdk.internal.reflect.DelegatingMethodAccessorImpl.invoke(DelegatingMethodAccessorImpl.java:43)
		at java.base/java.lang.reflect.Method.invoke(Method.java:568)
		at org.glassfish.jersey.server.model.internal.ResourceMethodInvocationHandlerFactory.lambda$static$0(ResourceMethodInvocationHandlerFactory.java:52)
		at org.glassfish.jersey.server.model.internal.AbstractJavaResourceMethodDispatcher$1.run(AbstractJavaResourceMethodDispatcher.java:124)
		at org.glassfish.jersey.server.model.internal.AbstractJavaResourceMethodDispatcher.invoke(AbstractJavaResourceMethodDispatcher.java:167)
		at org.glassfish.jersey.server.model.internal.JavaResourceMethodDispatcherProvider$TypeOutInvoker.doDispatch(JavaResourceMethodDispatcherProvider.java:219)
		at org.glassfish.jersey.server.model.internal.AbstractJavaResourceMethodDispatcher.dispatch(AbstractJavaResourceMethodDispatcher.java:79)
		at org.glassfish.jersey.server.model.ResourceMethodInvoker.invoke(ResourceMethodInvoker.java:475)
		at org.glassfish.jersey.server.model.ResourceMethodInvoker.apply(ResourceMethodInvoker.java:397)
		at org.glassfish.jersey.server.model.ResourceMethodInvoker.apply(ResourceMethodInvoker.java:81)
		at org.glassfish.jersey.server.ServerRuntime$1.run(ServerRuntime.java:255)
		at org.glassfish.jersey.internal.Errors$1.call(Errors.java:248)
		at org.glassfish.jersey.internal.Errors$1.call(Errors.java:244)
		at org.glassfish.jersey.internal.Errors.process(Errors.java:292)
		at org.glassfish.jersey.internal.Errors.process(Errors.java:274)
		at org.glassfish.jersey.internal.Errors.process(Errors.java:244)
		at org.glassfish.jersey.process.internal.RequestScope.runInScope(RequestScope.java:265)
		at org.glassfish.jersey.server.ServerRuntime.process(ServerRuntime.java:234)
		at org.glassfish.jersey.server.ApplicationHandler.handle(ApplicationHandler.java:680)
		at org.glassfish.jersey.servlet.WebComponent.serviceImpl(WebComponent.java:394)
		at org.glassfish.jersey.servlet.WebComponent.service(WebComponent.java:346)
		at org.glassfish.jersey.servlet.ServletContainer.service(ServletContainer.java:366)
		at org.glassfish.jersey.servlet.ServletContainer.service(ServletContainer.java:319)
		at org.glassfish.jersey.servlet.ServletContainer.service(ServletContainer.java:205)
		at org.apache.catalina.core.ApplicationFilterChain.internalDoFilter(ApplicationFilterChain.java:227)
		at org.apache.catalina.core.ApplicationFilterChain.doFilter(ApplicationFilterChain.java:162)
		at org.apache.tomcat.websocket.server.WsFilter.doFilter(WsFilter.java:53)
		at org.apache.catalina.core.ApplicationFilterChain.internalDoFilter(ApplicationFilterChain.java:189)
		at org.apache.catalina.core.ApplicationFilterChain.doFilter(ApplicationFilterChain.java:162)
		at org.apache.catalina.core.StandardWrapperValve.invoke(StandardWrapperValve.java:197)
		at org.apache.catalina.core.StandardContextValve.invoke(StandardContextValve.java:97)
		at org.apache.catalina.authenticator.AuthenticatorBase.invoke(AuthenticatorBase.java:540)
		at org.apache.catalina.core.StandardHostValve.invoke(StandardHostValve.java:135)
		at org.apache.catalina.valves.ErrorReportValve.invoke(ErrorReportValve.java:92)
		at org.apache.catalina.valves.AbstractAccessLogValve.invoke(AbstractAccessLogValve.java:687)
		at org.apache.catalina.core.StandardEngineValve.invoke(StandardEngineValve.java:78)
		at org.apache.catalina.connector.CoyoteAdapter.service(CoyoteAdapter.java:357)
		at org.apache.coyote.http11.Http11Processor.service(Http11Processor.java:382)
		at org.apache.coyote.AbstractProcessorLight.process(AbstractProcessorLight.java:65)
		at org.apache.coyote.AbstractProtocol$ConnectionHandler.process(AbstractProtocol.java:895)
		at org.apache.tomcat.util.net.NioEndpoint$SocketProcessor.doRun(NioEndpoint.java:1732)
		at org.apache.tomcat.util.net.SocketProcessorBase.run(SocketProcessorBase.java:49)
		at org.apache.tomcat.util.threads.ThreadPoolExecutor.runWorker(ThreadPoolExecutor.java:1191)
		at org.apache.tomcat.util.threads.ThreadPoolExecutor$Worker.run(ThreadPoolExecutor.java:659)
		at org.apache.tomcat.util.threads.TaskThread$WrappingRunnable.run(TaskThread.java:61)
		at java.base/java.lang.Thread.run(Thread.java:833)
02-Jan-2022 00:43:30.337 INFO [main] org.apache.catalina.core.ApplicationContext.log SessionListener: contextDestroyed()
02-Jan-2022 00:43:30.337 INFO [main] org.apache.catalina.core.ApplicationContext.log ContextListener: contextDestroyed()
02-Jan-2022 00:43:37.447 INFO [main] org.apache.catalina.core.ApplicationContext.log ContextListener: contextInitialized()
02-Jan-2022 00:43:37.447 INFO [main] org.apache.catalina.core.ApplicationContext.log SessionListener: contextInitialized()
02-Jan-2022 00:43:37.448 INFO [main] org.apache.catalina.core.ApplicationContext.log ContextListener: attributeAdded('StockTicker', 'async.Stockticker@25890ce3')
02-Jan-2022 00:44:48.526 INFO [main] org.apache.catalina.core.ApplicationContext.log SessionListener: contextDestroyed()
02-Jan-2022 00:44:48.526 INFO [main] org.apache.catalina.core.ApplicationContext.log ContextListener: contextDestroyed()
02-Jan-2022 00:44:54.908 INFO [main] org.apache.catalina.core.ApplicationContext.log ContextListener: contextInitialized()
02-Jan-2022 00:44:54.908 INFO [main] org.apache.catalina.core.ApplicationContext.log SessionListener: contextInitialized()
02-Jan-2022 00:44:54.910 INFO [main] org.apache.catalina.core.ApplicationContext.log ContextListener: attributeAdded('StockTicker', 'async.Stockticker@382608d0')
02-Jan-2022 00:45:00.583 INFO [main] org.apache.catalina.core.ApplicationContext.log SessionListener: contextDestroyed()
02-Jan-2022 00:45:00.583 INFO [main] org.apache.catalina.core.ApplicationContext.log ContextListener: contextDestroyed()
02-Jan-2022 00:45:06.857 INFO [main] org.apache.catalina.core.ApplicationContext.log ContextListener: contextInitialized()
02-Jan-2022 00:45:06.857 INFO [main] org.apache.catalina.core.ApplicationContext.log SessionListener: contextInitialized()
02-Jan-2022 00:45:06.859 INFO [main] org.apache.catalina.core.ApplicationContext.log ContextListener: attributeAdded('StockTicker', 'async.Stockticker@7b6b99c5')
02-Jan-2022 00:45:22.108 INFO [main] org.apache.catalina.core.ApplicationContext.log SessionListener: contextDestroyed()
02-Jan-2022 00:45:22.108 INFO [main] org.apache.catalina.core.ApplicationContext.log ContextListener: contextDestroyed()
02-Jan-2022 00:45:49.074 INFO [main] org.apache.catalina.core.ApplicationContext.log ContextListener: contextInitialized()
02-Jan-2022 00:45:49.074 INFO [main] org.apache.catalina.core.ApplicationContext.log SessionListener: contextInitialized()
02-Jan-2022 00:45:49.075 INFO [main] org.apache.catalina.core.ApplicationContext.log ContextListener: attributeAdded('StockTicker', 'async.Stockticker@25890ce3')
02-Jan-2022 01:36:50.066 INFO [main] org.apache.catalina.core.ApplicationContext.log SessionListener: contextDestroyed()
02-Jan-2022 01:36:50.066 INFO [main] org.apache.catalina.core.ApplicationContext.log ContextListener: contextDestroyed()
