12-Jan-2022 01:05:18.577 INFO [main] org.apache.catalina.core.ApplicationContext.log ContextListener: contextInitialized()
12-Jan-2022 01:05:18.577 INFO [main] org.apache.catalina.core.ApplicationContext.log SessionListener: contextInitialized()
12-Jan-2022 01:05:18.579 INFO [main] org.apache.catalina.core.ApplicationContext.log ContextListener: attributeAdded('StockTicker', 'async.Stockticker@24bba1b7')
12-Jan-2022 01:22:45.643 INFO [main] org.apache.catalina.core.ApplicationContext.log SessionListener: contextDestroyed()
12-Jan-2022 01:22:45.644 INFO [main] org.apache.catalina.core.ApplicationContext.log ContextListener: contextDestroyed()
12-Jan-2022 14:35:51.660 INFO [main] org.apache.catalina.core.ApplicationContext.log ContextListener: contextInitialized()
12-Jan-2022 14:35:51.660 INFO [main] org.apache.catalina.core.ApplicationContext.log SessionListener: contextInitialized()
12-Jan-2022 14:35:51.662 INFO [main] org.apache.catalina.core.ApplicationContext.log ContextListener: attributeAdded('StockTicker', 'async.Stockticker@24bba1b7')
12-Jan-2022 14:51:22.582 SEVERE [http-nio-8080-exec-56] org.apache.catalina.core.StandardWrapperValve.invoke Servlet.service() for servlet [orchestrator.ApplicationConfig] in context with path [/RESTService] threw exception [A MultiException has 2 exceptions.  They are:
1. java.net.ConnectException: Connection timed out: no further information
2. java.lang.IllegalStateException: Unable to perform operation: create on orchestrator.Trips
] with root cause
	java.net.ConnectException: Connection timed out: no further information
		at java.base/sun.nio.ch.Net.pollConnect(Native Method)
		at java.base/sun.nio.ch.Net.pollConnectNow(Net.java:672)
		at java.base/sun.nio.ch.NioSocketImpl.timedFinishConnect(NioSocketImpl.java:549)
		at java.base/sun.nio.ch.NioSocketImpl.connect(NioSocketImpl.java:597)
		at java.base/java.net.SocksSocketImpl.connect(SocksSocketImpl.java:327)
		at java.base/java.net.Socket.connect(Socket.java:633)
		at com.rabbitmq.client.impl.SocketFrameHandlerFactory.create(SocketFrameHandlerFactory.java:60)
		at com.rabbitmq.client.impl.recovery.RecoveryAwareAMQConnectionFactory.newConnection(RecoveryAwareAMQConnectionFactory.java:63)
		at com.rabbitmq.client.impl.recovery.AutorecoveringConnection.init(AutorecoveringConnection.java:160)
		at com.rabbitmq.client.ConnectionFactory.newConnection(ConnectionFactory.java:1216)
		at com.rabbitmq.client.ConnectionFactory.newConnection(ConnectionFactory.java:1173)
		at com.rabbitmq.client.ConnectionFactory.newConnection(ConnectionFactory.java:1131)
		at com.rabbitmq.client.ConnectionFactory.newConnection(ConnectionFactory.java:1294)
		at orchestrator.RabbitMQOffersConsumer.run(RabbitMQOffersConsumer.java:31)
		at orchestrator.Trips.<init>(Trips.java:49)
		at java.base/jdk.internal.reflect.NativeConstructorAccessorImpl.newInstance0(Native Method)
		at java.base/jdk.internal.reflect.NativeConstructorAccessorImpl.newInstance(NativeConstructorAccessorImpl.java:77)
		at java.base/jdk.internal.reflect.DelegatingConstructorAccessorImpl.newInstance(DelegatingConstructorAccessorImpl.java:45)
		at java.base/java.lang.reflect.Constructor.newInstanceWithCaller(Constructor.java:499)
		at java.base/java.lang.reflect.Constructor.newInstance(Constructor.java:480)
		at org.glassfish.hk2.utilities.reflection.ReflectionHelper.makeMe(ReflectionHelper.java:1356)
		at org.jvnet.hk2.internal.ClazzCreator.createMe(ClazzCreator.java:248)
		at org.jvnet.hk2.internal.ClazzCreator.create(ClazzCreator.java:342)
		at org.jvnet.hk2.internal.SystemDescriptor.create(SystemDescriptor.java:463)
		at org.glassfish.jersey.inject.hk2.RequestContext.findOrCreate(RequestContext.java:59)
		at org.jvnet.hk2.internal.Utilities.createService(Utilities.java:2102)
		at org.jvnet.hk2.internal.ServiceLocatorImpl.internalGetService(ServiceLocatorImpl.java:758)
		at org.jvnet.hk2.internal.ServiceLocatorImpl.internalGetService(ServiceLocatorImpl.java:721)
		at org.jvnet.hk2.internal.ServiceLocatorImpl.getService(ServiceLocatorImpl.java:691)
		at org.glassfish.jersey.inject.hk2.AbstractHk2InjectionManager.getInstance(AbstractHk2InjectionManager.java:160)
		at org.glassfish.jersey.inject.hk2.ImmediateHk2InjectionManager.getInstance(ImmediateHk2InjectionManager.java:30)
		at org.glassfish.jersey.internal.inject.Injections.getOrCreate(Injections.java:105)
		at org.glassfish.jersey.server.model.MethodHandler$ClassBasedMethodHandler.getInstance(MethodHandler.java:260)
		at org.glassfish.jersey.server.internal.routing.PushMethodHandlerRouter.apply(PushMethodHandlerRouter.java:51)
		at org.glassfish.jersey.server.internal.routing.RoutingStage._apply(RoutingStage.java:86)
		at org.glassfish.jersey.server.internal.routing.RoutingStage._apply(RoutingStage.java:89)
		at org.glassfish.jersey.server.internal.routing.RoutingStage._apply(RoutingStage.java:89)
		at org.glassfish.jersey.server.internal.routing.RoutingStage._apply(RoutingStage.java:89)
		at org.glassfish.jersey.server.internal.routing.RoutingStage.apply(RoutingStage.java:69)
		at org.glassfish.jersey.server.internal.routing.RoutingStage.apply(RoutingStage.java:38)
		at org.glassfish.jersey.process.internal.Stages.process(Stages.java:173)
		at org.glassfish.jersey.server.ServerRuntime$1.run(ServerRuntime.java:247)
		at org.glassfish.jersey.internal.Errors$1.call(Errors.java:248)
		at org.glassfish.jersey.internal.Errors$1.call(Errors.java:244)
		at org.glassfish.jersey.internal.Errors.process(Errors.java:292)
		at org.glassfish.jersey.internal.Errors.process(Errors.java:274)
		at org.glassfish.jersey.internal.Errors.process(Errors.java:244)
		at org.glassfish.jersey.process.internal.RequestScope.runInScope(RequestScope.java:265)
		at org.glassfish.jersey.server.ServerRuntime.process(ServerRuntime.java:234)
		at org.glassfish.jersey.server.ApplicationHandler.handle(ApplicationHandler.java:680)
		at org.glassfish.jersey.servlet.WebComponent.serviceImpl(WebComponent.java:394)
		at org.glassfish.jersey.servlet.WebComponent.service(WebComponent.java:346)
		at org.glassfish.jersey.servlet.ServletContainer.service(ServletContainer.java:366)
		at org.glassfish.jersey.servlet.ServletContainer.service(ServletContainer.java:319)
		at org.glassfish.jersey.servlet.ServletContainer.service(ServletContainer.java:205)
		at org.apache.catalina.core.ApplicationFilterChain.internalDoFilter(ApplicationFilterChain.java:227)
		at org.apache.catalina.core.ApplicationFilterChain.doFilter(ApplicationFilterChain.java:162)
		at org.apache.tomcat.websocket.server.WsFilter.doFilter(WsFilter.java:53)
		at org.apache.catalina.core.ApplicationFilterChain.internalDoFilter(ApplicationFilterChain.java:189)
		at org.apache.catalina.core.ApplicationFilterChain.doFilter(ApplicationFilterChain.java:162)
		at org.apache.catalina.core.StandardWrapperValve.invoke(StandardWrapperValve.java:197)
		at org.apache.catalina.core.StandardContextValve.invoke(StandardContextValve.java:97)
		at org.apache.catalina.authenticator.AuthenticatorBase.invoke(AuthenticatorBase.java:540)
		at org.apache.catalina.core.StandardHostValve.invoke(StandardHostValve.java:135)
		at org.apache.catalina.valves.ErrorReportValve.invoke(ErrorReportValve.java:92)
		at org.apache.catalina.valves.AbstractAccessLogValve.invoke(AbstractAccessLogValve.java:687)
		at org.apache.catalina.core.StandardEngineValve.invoke(StandardEngineValve.java:78)
		at org.apache.catalina.connector.CoyoteAdapter.service(CoyoteAdapter.java:357)
		at org.apache.coyote.http11.Http11Processor.service(Http11Processor.java:382)
		at org.apache.coyote.AbstractProcessorLight.process(AbstractProcessorLight.java:65)
		at org.apache.coyote.AbstractProtocol$ConnectionHandler.process(AbstractProtocol.java:895)
		at org.apache.tomcat.util.net.NioEndpoint$SocketProcessor.doRun(NioEndpoint.java:1732)
		at org.apache.tomcat.util.net.SocketProcessorBase.run(SocketProcessorBase.java:49)
		at org.apache.tomcat.util.threads.ThreadPoolExecutor.runWorker(ThreadPoolExecutor.java:1191)
		at org.apache.tomcat.util.threads.ThreadPoolExecutor$Worker.run(ThreadPoolExecutor.java:659)
		at org.apache.tomcat.util.threads.TaskThread$WrappingRunnable.run(TaskThread.java:61)
		at java.base/java.lang.Thread.run(Thread.java:833)
12-Jan-2022 14:53:33.502 SEVERE [http-nio-8080-exec-59] org.apache.catalina.core.StandardWrapperValve.invoke Servlet.service() for servlet [orchestrator.ApplicationConfig] in context with path [/RESTService] threw exception [A MultiException has 2 exceptions.  They are:
1. java.io.IOException
2. java.lang.IllegalStateException: Unable to perform operation: create on orchestrator.Trips
] with root cause
	java.net.SocketTimeoutException: Timeout during Connection negotiation
		at com.rabbitmq.client.impl.AMQConnection.handleSocketTimeout(AMQConnection.java:835)
		at com.rabbitmq.client.impl.AMQConnection.readFrame(AMQConnection.java:747)
		at com.rabbitmq.client.impl.AMQConnection.access$300(AMQConnection.java:47)
		at com.rabbitmq.client.impl.AMQConnection$MainLoop.run(AMQConnection.java:666)
		at java.base/java.lang.Thread.run(Thread.java:833)
12-Jan-2022 14:55:28.946 INFO [main] org.apache.catalina.core.ApplicationContext.log SessionListener: contextDestroyed()
12-Jan-2022 14:55:28.946 INFO [main] org.apache.catalina.core.ApplicationContext.log ContextListener: contextDestroyed()
