01-Jan-2022 15:36:53.480 INFO [http-nio-8080-exec-4] org.apache.catalina.core.ApplicationContext.log Manager: init: Associated with Deployer 'Catalina:type=Deployer,host=localhost'
01-Jan-2022 15:36:53.480 INFO [http-nio-8080-exec-4] org.apache.catalina.core.ApplicationContext.log Manager: init: Global resources are available
01-Jan-2022 15:37:00.795 INFO [http-nio-8080-exec-5] org.apache.catalina.core.ApplicationContext.log HTMLManager: init: Associated with Deployer 'Catalina:type=Deployer,host=localhost'
01-Jan-2022 15:37:00.795 INFO [http-nio-8080-exec-5] org.apache.catalina.core.ApplicationContext.log HTMLManager: init: Global resources are available
01-Jan-2022 15:37:00.799 INFO [http-nio-8080-exec-5] org.apache.catalina.core.ApplicationContext.log HTMLManager: list: Listing contexts for virtual host 'localhost'
01-Jan-2022 15:41:22.880 INFO [http-nio-8080-exec-2] org.apache.catalina.core.ApplicationContext.log Manager: init: Associated with Deployer 'Catalina:type=Deployer,host=localhost'
01-Jan-2022 15:41:22.881 INFO [http-nio-8080-exec-2] org.apache.catalina.core.ApplicationContext.log Manager: init: Global resources are available
01-Jan-2022 15:41:22.891 INFO [http-nio-8080-exec-10] org.apache.catalina.core.ApplicationContext.log Manager: list: Listing contexts for virtual host 'localhost'
01-Jan-2022 15:41:22.894 INFO [http-nio-8080-exec-2] org.apache.catalina.core.ApplicationContext.log Manager: list: Listing contexts for virtual host 'localhost'
01-Jan-2022 15:41:22.904 INFO [http-nio-8080-exec-4] org.apache.catalina.core.ApplicationContext.log Manager: install: Installing context configuration at 'file:/C:/Users/hassa/AppData/Local/Temp/context12628609902925895784.xml'
01-Jan-2022 15:41:25.159 INFO [http-nio-8080-exec-3] org.apache.catalina.core.ApplicationContext.log Manager: start: Starting web application '/RESTService'
01-Jan-2022 15:41:25.323 INFO [http-nio-8080-exec-3] org.apache.catalina.core.ApplicationContext.log Manager: list: Listing contexts for virtual host 'localhost'
01-Jan-2022 15:41:25.325 INFO [http-nio-8080-exec-8] org.apache.catalina.core.ApplicationContext.log Manager: list: Listing contexts for virtual host 'localhost'
01-Jan-2022 15:42:24.903 INFO [http-nio-8080-exec-1] org.apache.catalina.core.ApplicationContext.log HTMLManager: init: Associated with Deployer 'Catalina:type=Deployer,host=localhost'
01-Jan-2022 15:42:24.903 INFO [http-nio-8080-exec-1] org.apache.catalina.core.ApplicationContext.log HTMLManager: init: Global resources are available
01-Jan-2022 15:42:24.906 INFO [http-nio-8080-exec-1] org.apache.catalina.core.ApplicationContext.log HTMLManager: list: Listing contexts for virtual host 'localhost'
01-Jan-2022 15:43:17.972 INFO [http-nio-8080-exec-5] org.apache.catalina.core.ApplicationContext.log HTMLManager: undeploy: Undeploying web application at '/RESTService'
01-Jan-2022 15:43:18.498 INFO [http-nio-8080-exec-5] org.apache.catalina.core.ApplicationContext.log HTMLManager: list: Listing contexts for virtual host 'localhost'
01-Jan-2022 15:43:26.092 INFO [http-nio-8080-exec-6] org.apache.catalina.core.ApplicationContext.log HTMLManager: list: Listing contexts for virtual host 'localhost'
01-Jan-2022 15:44:27.440 INFO [http-nio-8080-exec-3] org.apache.catalina.core.ApplicationContext.log Manager: init: Associated with Deployer 'Catalina:type=Deployer,host=localhost'
01-Jan-2022 15:44:27.440 INFO [http-nio-8080-exec-3] org.apache.catalina.core.ApplicationContext.log Manager: init: Global resources are available
01-Jan-2022 15:44:38.115 INFO [http-nio-8080-exec-7] org.apache.catalina.core.ApplicationContext.log HTMLManager: init: Associated with Deployer 'Catalina:type=Deployer,host=localhost'
01-Jan-2022 15:44:38.115 INFO [http-nio-8080-exec-7] org.apache.catalina.core.ApplicationContext.log HTMLManager: init: Global resources are available
01-Jan-2022 15:44:38.118 INFO [http-nio-8080-exec-7] org.apache.catalina.core.ApplicationContext.log HTMLManager: list: Listing contexts for virtual host 'localhost'
01-Jan-2022 15:44:41.344 INFO [http-nio-8080-exec-8] org.apache.catalina.core.ApplicationContext.log HTMLManager: undeploy: Undeploying web application at '/RESTService'
01-Jan-2022 15:44:41.886 INFO [http-nio-8080-exec-8] org.apache.catalina.core.ApplicationContext.log HTMLManager: list: Listing contexts for virtual host 'localhost'
01-Jan-2022 15:45:52.624 INFO [http-nio-8080-exec-2] org.apache.catalina.core.ApplicationContext.log Manager: init: Associated with Deployer 'Catalina:type=Deployer,host=localhost'
01-Jan-2022 15:45:52.624 INFO [http-nio-8080-exec-2] org.apache.catalina.core.ApplicationContext.log Manager: init: Global resources are available
01-Jan-2022 15:46:00.362 INFO [http-nio-8080-exec-2] org.apache.catalina.core.ApplicationContext.log HTMLManager: init: Associated with Deployer 'Catalina:type=Deployer,host=localhost'
01-Jan-2022 15:46:00.362 INFO [http-nio-8080-exec-2] org.apache.catalina.core.ApplicationContext.log HTMLManager: init: Global resources are available
01-Jan-2022 15:46:00.364 INFO [http-nio-8080-exec-2] org.apache.catalina.core.ApplicationContext.log HTMLManager: list: Listing contexts for virtual host 'localhost'
01-Jan-2022 15:46:09.234 INFO [http-nio-8080-exec-4] org.apache.catalina.core.ApplicationContext.log HTMLManager: list: Listing contexts for virtual host 'localhost'
01-Jan-2022 15:47:36.802 INFO [http-nio-8080-exec-4] org.apache.catalina.core.ApplicationContext.log Manager: list: Listing contexts for virtual host 'localhost'
01-Jan-2022 15:47:36.803 INFO [http-nio-8080-exec-3] org.apache.catalina.core.ApplicationContext.log Manager: list: Listing contexts for virtual host 'localhost'
01-Jan-2022 15:49:36.798 INFO [http-nio-8080-exec-3] org.apache.catalina.core.ApplicationContext.log Manager: list: Listing contexts for virtual host 'localhost'
01-Jan-2022 15:49:36.802 INFO [http-nio-8080-exec-5] org.apache.catalina.core.ApplicationContext.log Manager: undeploy: Undeploying web application at '/RESTService'
01-Jan-2022 15:50:12.351 INFO [http-nio-8080-exec-2] org.apache.catalina.core.ApplicationContext.log Manager: init: Associated with Deployer 'Catalina:type=Deployer,host=localhost'
01-Jan-2022 15:50:12.351 INFO [http-nio-8080-exec-2] org.apache.catalina.core.ApplicationContext.log Manager: init: Global resources are available
01-Jan-2022 15:50:17.311 INFO [http-nio-8080-exec-5] org.apache.catalina.core.ApplicationContext.log Manager: list: Listing contexts for virtual host 'localhost'
01-Jan-2022 15:50:17.313 INFO [http-nio-8080-exec-6] org.apache.catalina.core.ApplicationContext.log Manager: list: Listing contexts for virtual host 'localhost'
01-Jan-2022 15:50:25.562 INFO [http-nio-8080-exec-8] org.apache.catalina.core.ApplicationContext.log HTMLManager: init: Associated with Deployer 'Catalina:type=Deployer,host=localhost'
01-Jan-2022 15:50:25.562 INFO [http-nio-8080-exec-8] org.apache.catalina.core.ApplicationContext.log HTMLManager: init: Global resources are available
01-Jan-2022 15:50:25.565 INFO [http-nio-8080-exec-8] org.apache.catalina.core.ApplicationContext.log HTMLManager: list: Listing contexts for virtual host 'localhost'
01-Jan-2022 15:50:38.583 INFO [http-nio-8080-exec-9] org.apache.catalina.core.ApplicationContext.log HTMLManager: list: Listing contexts for virtual host 'localhost'
01-Jan-2022 15:53:32.977 INFO [http-nio-8080-exec-6] org.apache.catalina.core.ApplicationContext.log Manager: list: Listing contexts for virtual host 'localhost'
01-Jan-2022 15:53:33.265 INFO [http-nio-8080-exec-2] org.apache.catalina.core.ApplicationContext.log Manager: list: Listing contexts for virtual host 'localhost'
01-Jan-2022 15:53:33.267 INFO [http-nio-8080-exec-5] org.apache.catalina.core.ApplicationContext.log Manager: list: Listing contexts for virtual host 'localhost'
01-Jan-2022 15:53:33.287 INFO [http-nio-8080-exec-10] org.apache.catalina.core.ApplicationContext.log Manager: undeploy: Undeploying web application at '/RESTService'
01-Jan-2022 15:53:33.299 INFO [http-nio-8080-exec-8] org.apache.catalina.core.ApplicationContext.log Manager: list: Listing contexts for virtual host 'localhost'
01-Jan-2022 15:53:33.448 INFO [http-nio-8080-exec-5] org.apache.catalina.core.ApplicationContext.log Manager: list: Listing contexts for virtual host 'localhost'
01-Jan-2022 15:53:33.450 INFO [http-nio-8080-exec-2] org.apache.catalina.core.ApplicationContext.log Manager: list: Listing contexts for virtual host 'localhost'
01-Jan-2022 15:53:33.846 INFO [http-nio-8080-exec-5] org.apache.catalina.core.ApplicationContext.log Manager: undeploy: Undeploying web application at '/RESTService'
01-Jan-2022 15:53:46.456 INFO [http-nio-8080-exec-4] org.apache.catalina.core.ApplicationContext.log Manager: list: Listing contexts for virtual host 'localhost'
01-Jan-2022 15:53:46.458 INFO [http-nio-8080-exec-10] org.apache.catalina.core.ApplicationContext.log Manager: list: Listing contexts for virtual host 'localhost'
01-Jan-2022 15:53:54.837 INFO [http-nio-8080-exec-9] org.apache.catalina.core.ApplicationContext.log Manager: list: Listing contexts for virtual host 'localhost'
01-Jan-2022 15:53:55.129 INFO [http-nio-8080-exec-12] org.apache.catalina.core.ApplicationContext.log Manager: list: Listing contexts for virtual host 'localhost'
01-Jan-2022 15:53:55.130 INFO [http-nio-8080-exec-7] org.apache.catalina.core.ApplicationContext.log Manager: list: Listing contexts for virtual host 'localhost'
01-Jan-2022 15:53:55.135 INFO [http-nio-8080-exec-14] org.apache.catalina.core.ApplicationContext.log Manager: install: Installing context configuration at 'file:/C:/Users/hassa/AppData/Local/Temp/context2508521820602164395.xml'
01-Jan-2022 15:53:55.160 INFO [http-nio-8080-exec-10] org.apache.catalina.core.ApplicationContext.log Manager: list: Listing contexts for virtual host 'localhost'
01-Jan-2022 15:53:57.198 INFO [http-nio-8080-exec-12] org.apache.catalina.core.ApplicationContext.log Manager: start: Starting web application '/RESTService'
01-Jan-2022 15:53:57.337 INFO [http-nio-8080-exec-15] org.apache.catalina.core.ApplicationContext.log Manager: list: Listing contexts for virtual host 'localhost'
01-Jan-2022 15:53:57.338 INFO [http-nio-8080-exec-3] org.apache.catalina.core.ApplicationContext.log Manager: list: Listing contexts for virtual host 'localhost'
01-Jan-2022 15:54:49.444 INFO [http-nio-8080-exec-11] org.apache.catalina.core.ApplicationContext.log Manager: list: Listing contexts for virtual host 'localhost'
01-Jan-2022 15:54:49.446 INFO [http-nio-8080-exec-19] org.apache.catalina.core.ApplicationContext.log Manager: list: Listing contexts for virtual host 'localhost'
01-Jan-2022 15:54:56.139 INFO [http-nio-8080-exec-16] org.apache.catalina.core.ApplicationContext.log HTMLManager: list: Listing contexts for virtual host 'localhost'
01-Jan-2022 16:03:09.447 INFO [http-nio-8080-exec-11] org.apache.catalina.core.ApplicationContext.log Manager: list: Listing contexts for virtual host 'localhost'
01-Jan-2022 16:03:09.453 INFO [http-nio-8080-exec-19] org.apache.catalina.core.ApplicationContext.log Manager: restart: Reloading web application '/RESTService'
01-Jan-2022 16:03:11.977 INFO [http-nio-8080-exec-13] org.apache.catalina.core.ApplicationContext.log Manager: list: Listing contexts for virtual host 'localhost'
01-Jan-2022 16:03:11.981 INFO [http-nio-8080-exec-14] org.apache.catalina.core.ApplicationContext.log Manager: restart: Reloading web application '/RESTService'
01-Jan-2022 16:03:47.896 INFO [http-nio-8080-exec-16] org.apache.catalina.core.ApplicationContext.log HTMLManager: list: Listing contexts for virtual host 'localhost'
01-Jan-2022 16:03:52.050 INFO [http-nio-8080-exec-20] org.apache.catalina.core.ApplicationContext.log HTMLManager: undeploy: Undeploying web application at '/RESTService'
01-Jan-2022 16:03:52.568 INFO [http-nio-8080-exec-20] org.apache.catalina.core.ApplicationContext.log HTMLManager: list: Listing contexts for virtual host 'localhost'
01-Jan-2022 16:04:13.760 INFO [http-nio-8080-exec-11] org.apache.catalina.core.ApplicationContext.log Manager: list: Listing contexts for virtual host 'localhost'
01-Jan-2022 16:04:42.560 INFO [http-nio-8080-exec-12] org.apache.catalina.core.ApplicationContext.log Manager: list: Listing contexts for virtual host 'localhost'
01-Jan-2022 16:04:51.419 INFO [http-nio-8080-exec-23] org.apache.catalina.core.ApplicationContext.log Manager: list: Listing contexts for virtual host 'localhost'
01-Jan-2022 16:05:00.354 INFO [http-nio-8080-exec-12] org.apache.catalina.core.ApplicationContext.log HTMLManager: list: Listing contexts for virtual host 'localhost'
01-Jan-2022 16:05:35.533 INFO [http-nio-8080-exec-11] org.apache.catalina.core.ApplicationContext.log HTMLManager: restart: Reloading web application '/RESTService'
01-Jan-2022 16:05:37.481 INFO [http-nio-8080-exec-11] org.apache.catalina.core.ApplicationContext.log HTMLManager: list: Listing contexts for virtual host 'localhost'
01-Jan-2022 16:05:46.939 INFO [http-nio-8080-exec-34] org.apache.catalina.core.ApplicationContext.log Manager: list: Listing contexts for virtual host 'localhost'
01-Jan-2022 16:05:46.942 INFO [http-nio-8080-exec-35] org.apache.catalina.core.ApplicationContext.log Manager: undeploy: Undeploying web application at '/RESTService'
01-Jan-2022 16:05:56.698 INFO [http-nio-8080-exec-32] org.apache.catalina.core.ApplicationContext.log HTMLManager: undeploy: Undeploying web application at '/RESTService'
01-Jan-2022 16:05:56.698 INFO [http-nio-8080-exec-32] org.apache.catalina.core.ApplicationContext.log HTMLManager: list: Listing contexts for virtual host 'localhost'
01-Jan-2022 16:06:04.009 INFO [http-nio-8080-exec-34] org.apache.catalina.core.ApplicationContext.log HTMLManager: list: Listing contexts for virtual host 'localhost'
01-Jan-2022 16:08:29.988 INFO [http-nio-8080-exec-44] org.apache.catalina.core.ApplicationContext.log Manager: list: Listing contexts for virtual host 'localhost'
01-Jan-2022 16:08:29.990 INFO [http-nio-8080-exec-45] org.apache.catalina.core.ApplicationContext.log Manager: undeploy: Undeploying web application at '/RESTService'
01-Jan-2022 16:08:39.512 INFO [http-nio-8080-exec-39] org.apache.catalina.core.ApplicationContext.log Manager: list: Listing contexts for virtual host 'localhost'
01-Jan-2022 16:08:48.914 INFO [http-nio-8080-exec-46] org.apache.catalina.core.ApplicationContext.log HTMLManager: undeploy: Undeploying web application at '/RESTService'
01-Jan-2022 16:08:48.914 INFO [http-nio-8080-exec-46] org.apache.catalina.core.ApplicationContext.log HTMLManager: list: Listing contexts for virtual host 'localhost'
01-Jan-2022 16:08:55.258 INFO [http-nio-8080-exec-47] org.apache.catalina.core.ApplicationContext.log HTMLManager: list: Listing contexts for virtual host 'localhost'
01-Jan-2022 16:21:36.831 INFO [http-nio-8080-exec-48] org.apache.catalina.core.ApplicationContext.log Manager: list: Listing contexts for virtual host 'localhost'
01-Jan-2022 16:21:36.836 INFO [http-nio-8080-exec-49] org.apache.catalina.core.ApplicationContext.log Manager: restart: Reloading web application '/RESTService'
01-Jan-2022 16:21:40.150 INFO [http-nio-8080-exec-46] org.apache.catalina.core.ApplicationContext.log Manager: list: Listing contexts for virtual host 'localhost'
01-Jan-2022 16:21:40.154 INFO [http-nio-8080-exec-53] org.apache.catalina.core.ApplicationContext.log Manager: restart: Reloading web application '/RESTService'
01-Jan-2022 17:50:20.379 INFO [http-nio-8080-exec-59] org.apache.catalina.core.ApplicationContext.log HTMLManager: list: Listing contexts for virtual host 'localhost'
01-Jan-2022 17:50:22.404 INFO [http-nio-8080-exec-60] org.apache.catalina.core.ApplicationContext.log HTMLManager: undeploy: Undeploying web application at '/RESTService'
01-Jan-2022 17:50:22.942 INFO [http-nio-8080-exec-60] org.apache.catalina.core.ApplicationContext.log HTMLManager: list: Listing contexts for virtual host 'localhost'
01-Jan-2022 17:50:29.519 INFO [http-nio-8080-exec-61] org.apache.catalina.core.ApplicationContext.log HTMLManager: list: Listing contexts for virtual host 'localhost'
01-Jan-2022 17:51:03.392 INFO [http-nio-8080-exec-71] org.apache.catalina.core.ApplicationContext.log Manager: list: Listing contexts for virtual host 'localhost'
01-Jan-2022 17:51:03.395 INFO [http-nio-8080-exec-72] org.apache.catalina.core.ApplicationContext.log Manager: undeploy: Undeploying web application at '/RESTService'
01-Jan-2022 17:51:15.103 INFO [http-nio-8080-exec-68] org.apache.catalina.core.ApplicationContext.log HTMLManager: undeploy: Undeploying web application at '/RESTService'
01-Jan-2022 17:51:15.103 INFO [http-nio-8080-exec-68] org.apache.catalina.core.ApplicationContext.log HTMLManager: list: Listing contexts for virtual host 'localhost'
01-Jan-2022 17:51:22.794 INFO [http-nio-8080-exec-69] org.apache.catalina.core.ApplicationContext.log HTMLManager: list: Listing contexts for virtual host 'localhost'
01-Jan-2022 17:52:14.855 INFO [http-nio-8080-exec-74] org.apache.catalina.core.ApplicationContext.log HTMLManager: list: Listing contexts for virtual host 'localhost'
01-Jan-2022 17:52:17.842 INFO [http-nio-8080-exec-72] org.apache.catalina.core.ApplicationContext.log Manager: list: Listing contexts for virtual host 'localhost'
01-Jan-2022 17:52:17.844 INFO [http-nio-8080-exec-74] org.apache.catalina.core.ApplicationContext.log Manager: undeploy: Undeploying web application at '/RESTService'
01-Jan-2022 17:52:22.328 INFO [http-nio-8080-exec-76] org.apache.catalina.core.ApplicationContext.log HTMLManager: undeploy: Undeploying web application at '/RESTService'
01-Jan-2022 17:52:22.328 INFO [http-nio-8080-exec-76] org.apache.catalina.core.ApplicationContext.log HTMLManager: list: Listing contexts for virtual host 'localhost'
01-Jan-2022 17:52:28.625 INFO [http-nio-8080-exec-79] org.apache.catalina.core.ApplicationContext.log HTMLManager: list: Listing contexts for virtual host 'localhost'
01-Jan-2022 17:56:27.533 INFO [http-nio-8080-exec-88] org.apache.catalina.core.ApplicationContext.log Manager: list: Listing contexts for virtual host 'localhost'
01-Jan-2022 17:56:27.535 INFO [http-nio-8080-exec-74] org.apache.catalina.core.ApplicationContext.log Manager: undeploy: Undeploying web application at '/RESTService'
01-Jan-2022 17:56:34.161 INFO [http-nio-8080-exec-85] org.apache.catalina.core.ApplicationContext.log HTMLManager: undeploy: Undeploying web application at '/RESTService'
01-Jan-2022 17:56:34.161 INFO [http-nio-8080-exec-85] org.apache.catalina.core.ApplicationContext.log HTMLManager: list: Listing contexts for virtual host 'localhost'
01-Jan-2022 17:56:40.677 INFO [http-nio-8080-exec-86] org.apache.catalina.core.ApplicationContext.log HTMLManager: list: Listing contexts for virtual host 'localhost'
01-Jan-2022 18:07:52.606 INFO [http-nio-8080-exec-98] org.apache.catalina.core.ApplicationContext.log Manager: list: Listing contexts for virtual host 'localhost'
01-Jan-2022 18:07:52.608 INFO [http-nio-8080-exec-99] org.apache.catalina.core.ApplicationContext.log Manager: undeploy: Undeploying web application at '/RESTService'
01-Jan-2022 18:08:00.988 INFO [http-nio-8080-exec-98] org.apache.catalina.core.ApplicationContext.log HTMLManager: undeploy: Undeploying web application at '/RESTService'
01-Jan-2022 18:08:00.988 INFO [http-nio-8080-exec-98] org.apache.catalina.core.ApplicationContext.log HTMLManager: list: Listing contexts for virtual host 'localhost'
01-Jan-2022 18:08:06.905 INFO [http-nio-8080-exec-95] org.apache.catalina.core.ApplicationContext.log HTMLManager: list: Listing contexts for virtual host 'localhost'
01-Jan-2022 18:23:18.465 INFO [http-nio-8080-exec-108] org.apache.catalina.core.ApplicationContext.log Manager: list: Listing contexts for virtual host 'localhost'
01-Jan-2022 18:23:18.468 INFO [http-nio-8080-exec-109] org.apache.catalina.core.ApplicationContext.log Manager: undeploy: Undeploying web application at '/RESTService'
01-Jan-2022 18:23:28.710 INFO [http-nio-8080-exec-103] org.apache.catalina.core.ApplicationContext.log HTMLManager: undeploy: Undeploying web application at '/RESTService'
01-Jan-2022 18:23:28.711 INFO [http-nio-8080-exec-103] org.apache.catalina.core.ApplicationContext.log HTMLManager: list: Listing contexts for virtual host 'localhost'
01-Jan-2022 18:23:37.187 INFO [http-nio-8080-exec-100] org.apache.catalina.core.ApplicationContext.log HTMLManager: list: Listing contexts for virtual host 'localhost'
01-Jan-2022 19:24:26.832 INFO [http-nio-8080-exec-118] org.apache.catalina.core.ApplicationContext.log HTMLManager: list: Listing contexts for virtual host 'localhost'
01-Jan-2022 21:45:59.135 INFO [http-nio-8080-exec-6] org.apache.catalina.core.ApplicationContext.log Manager: init: Associated with Deployer 'Catalina:type=Deployer,host=localhost'
01-Jan-2022 21:45:59.135 INFO [http-nio-8080-exec-6] org.apache.catalina.core.ApplicationContext.log Manager: init: Global resources are available
01-Jan-2022 21:46:01.182 INFO [http-nio-8080-exec-10] org.apache.catalina.core.ApplicationContext.log HTMLManager: init: Associated with Deployer 'Catalina:type=Deployer,host=localhost'
01-Jan-2022 21:46:01.182 INFO [http-nio-8080-exec-10] org.apache.catalina.core.ApplicationContext.log HTMLManager: init: Global resources are available
01-Jan-2022 21:46:01.187 INFO [http-nio-8080-exec-10] org.apache.catalina.core.ApplicationContext.log HTMLManager: list: Listing contexts for virtual host 'localhost'
01-Jan-2022 21:46:03.885 INFO [http-nio-8080-exec-3] org.apache.catalina.core.ApplicationContext.log HTMLManager: undeploy: Undeploying web application at '/RESTService'
01-Jan-2022 21:46:04.430 INFO [http-nio-8080-exec-3] org.apache.catalina.core.ApplicationContext.log HTMLManager: list: Listing contexts for virtual host 'localhost'
01-Jan-2022 21:46:11.898 INFO [http-nio-8080-exec-8] org.apache.catalina.core.ApplicationContext.log HTMLManager: list: Listing contexts for virtual host 'localhost'
01-Jan-2022 23:14:45.371 INFO [http-nio-8080-exec-5] org.apache.catalina.core.ApplicationContext.log Manager: init: Associated with Deployer 'Catalina:type=Deployer,host=localhost'
01-Jan-2022 23:14:45.371 INFO [http-nio-8080-exec-5] org.apache.catalina.core.ApplicationContext.log Manager: init: Global resources are available
01-Jan-2022 23:14:51.449 INFO [http-nio-8080-exec-1] org.apache.catalina.core.ApplicationContext.log HTMLManager: init: Associated with Deployer 'Catalina:type=Deployer,host=localhost'
01-Jan-2022 23:14:51.449 INFO [http-nio-8080-exec-1] org.apache.catalina.core.ApplicationContext.log HTMLManager: init: Global resources are available
01-Jan-2022 23:14:51.452 INFO [http-nio-8080-exec-1] org.apache.catalina.core.ApplicationContext.log HTMLManager: list: Listing contexts for virtual host 'localhost'
01-Jan-2022 23:14:58.050 INFO [http-nio-8080-exec-2] org.apache.catalina.core.ApplicationContext.log HTMLManager: undeploy: Undeploying web application at '/RESTService'
01-Jan-2022 23:14:58.592 INFO [http-nio-8080-exec-2] org.apache.catalina.core.ApplicationContext.log HTMLManager: list: Listing contexts for virtual host 'localhost'
01-Jan-2022 23:15:06.618 INFO [http-nio-8080-exec-3] org.apache.catalina.core.ApplicationContext.log HTMLManager: list: Listing contexts for virtual host 'localhost'
01-Jan-2022 23:19:39.341 INFO [http-nio-8080-exec-19] org.apache.catalina.core.ApplicationContext.log Manager: list: Listing contexts for virtual host 'localhost'
01-Jan-2022 23:19:39.347 INFO [http-nio-8080-exec-20] org.apache.catalina.core.ApplicationContext.log Manager: undeploy: Undeploying web application at '/RESTService'
01-Jan-2022 23:19:43.915 INFO [http-nio-8080-exec-15] org.apache.catalina.core.ApplicationContext.log HTMLManager: list: Listing contexts for virtual host 'localhost'
01-Jan-2022 23:19:57.577 INFO [http-nio-8080-exec-18] org.apache.catalina.core.ApplicationContext.log HTMLManager: list: Listing contexts for virtual host 'localhost'
01-Jan-2022 23:21:21.605 INFO [http-nio-8080-exec-29] org.apache.catalina.core.ApplicationContext.log Manager: list: Listing contexts for virtual host 'localhost'
01-Jan-2022 23:21:21.608 INFO [http-nio-8080-exec-24] org.apache.catalina.core.ApplicationContext.log Manager: undeploy: Undeploying web application at '/RESTService'
01-Jan-2022 23:21:27.482 INFO [http-nio-8080-exec-26] org.apache.catalina.core.ApplicationContext.log HTMLManager: undeploy: Undeploying web application at '/RESTService'
01-Jan-2022 23:21:27.482 INFO [http-nio-8080-exec-26] org.apache.catalina.core.ApplicationContext.log HTMLManager: list: Listing contexts for virtual host 'localhost'
01-Jan-2022 23:21:33.866 INFO [http-nio-8080-exec-21] org.apache.catalina.core.ApplicationContext.log HTMLManager: list: Listing contexts for virtual host 'localhost'
01-Jan-2022 23:23:32.745 INFO [http-nio-8080-exec-37] org.apache.catalina.core.ApplicationContext.log HTMLManager: list: Listing contexts for virtual host 'localhost'
01-Jan-2022 23:23:34.448 INFO [http-nio-8080-exec-31] org.apache.catalina.core.ApplicationContext.log HTMLManager: undeploy: Undeploying web application at '/RESTService'
01-Jan-2022 23:23:34.994 INFO [http-nio-8080-exec-31] org.apache.catalina.core.ApplicationContext.log HTMLManager: list: Listing contexts for virtual host 'localhost'
01-Jan-2022 23:23:37.471 INFO [http-nio-8080-exec-32] org.apache.catalina.core.ApplicationContext.log Manager: list: Listing contexts for virtual host 'localhost'
01-Jan-2022 23:23:43.602 INFO [http-nio-8080-exec-36] org.apache.catalina.core.ApplicationContext.log Manager: list: Listing contexts for virtual host 'localhost'
01-Jan-2022 23:23:57.745 INFO [http-nio-8080-exec-30] org.apache.catalina.core.ApplicationContext.log HTMLManager: list: Listing contexts for virtual host 'localhost'
01-Jan-2022 23:33:23.738 INFO [http-nio-8080-exec-48] org.apache.catalina.core.ApplicationContext.log Manager: list: Listing contexts for virtual host 'localhost'
01-Jan-2022 23:33:23.741 INFO [http-nio-8080-exec-49] org.apache.catalina.core.ApplicationContext.log Manager: undeploy: Undeploying web application at '/RESTService'
01-Jan-2022 23:33:30.740 INFO [http-nio-8080-exec-46] org.apache.catalina.core.ApplicationContext.log HTMLManager: list: Listing contexts for virtual host 'localhost'
01-Jan-2022 23:33:38.434 INFO [http-nio-8080-exec-45] org.apache.catalina.core.ApplicationContext.log HTMLManager: list: Listing contexts for virtual host 'localhost'
01-Jan-2022 23:39:34.325 INFO [http-nio-8080-exec-50] org.apache.catalina.core.ApplicationContext.log HTMLManager: list: Listing contexts for virtual host 'localhost'
01-Jan-2022 23:39:42.091 INFO [http-nio-8080-exec-57] org.apache.catalina.core.ApplicationContext.log Manager: list: Listing contexts for virtual host 'localhost'
01-Jan-2022 23:39:42.094 INFO [http-nio-8080-exec-50] org.apache.catalina.core.ApplicationContext.log Manager: undeploy: Undeploying web application at '/RESTService'
01-Jan-2022 23:39:50.485 INFO [http-nio-8080-exec-55] org.apache.catalina.core.ApplicationContext.log HTMLManager: list: Listing contexts for virtual host 'localhost'
01-Jan-2022 23:39:57.247 INFO [http-nio-8080-exec-58] org.apache.catalina.core.ApplicationContext.log HTMLManager: list: Listing contexts for virtual host 'localhost'
01-Jan-2022 23:57:25.927 INFO [http-nio-8080-exec-61] org.apache.catalina.core.ApplicationContext.log Manager: list: Listing contexts for virtual host 'localhost'
01-Jan-2022 23:57:25.930 INFO [http-nio-8080-exec-62] org.apache.catalina.core.ApplicationContext.log Manager: undeploy: Undeploying web application at '/RESTService'
01-Jan-2022 23:57:31.231 INFO [http-nio-8080-exec-68] org.apache.catalina.core.ApplicationContext.log HTMLManager: list: Listing contexts for virtual host 'localhost'
01-Jan-2022 23:57:36.827 INFO [http-nio-8080-exec-67] org.apache.catalina.core.ApplicationContext.log HTMLManager: list: Listing contexts for virtual host 'localhost'
01-Jan-2022 23:57:43.783 INFO [http-nio-8080-exec-61] org.apache.catalina.core.ApplicationContext.log HTMLManager: list: Listing contexts for virtual host 'localhost'
