04-Jan-2022 00:00:58.942 INFO [http-nio-8080-exec-837] org.apache.catalina.core.ApplicationContext.log Manager: list: Listing contexts for virtual host 'localhost'
04-Jan-2022 00:00:58.945 INFO [http-nio-8080-exec-826] org.apache.catalina.core.ApplicationContext.log Manager: restart: Reloading web application '/RESTService'
04-Jan-2022 00:02:53.814 INFO [http-nio-8080-exec-838] org.apache.catalina.core.ApplicationContext.log Manager: list: Listing contexts for virtual host 'localhost'
04-Jan-2022 00:02:53.818 INFO [http-nio-8080-exec-834] org.apache.catalina.core.ApplicationContext.log Manager: restart: Reloading web application '/RESTService'
04-Jan-2022 00:03:51.668 INFO [http-nio-8080-exec-829] org.apache.catalina.core.ApplicationContext.log Manager: list: Listing contexts for virtual host 'localhost'
04-Jan-2022 00:03:51.671 INFO [http-nio-8080-exec-839] org.apache.catalina.core.ApplicationContext.log Manager: restart: Reloading web application '/RESTService'
04-Jan-2022 00:05:26.800 INFO [http-nio-8080-exec-845] org.apache.catalina.core.ApplicationContext.log Manager: list: Listing contexts for virtual host 'localhost'
04-Jan-2022 00:05:26.804 INFO [http-nio-8080-exec-849] org.apache.catalina.core.ApplicationContext.log Manager: restart: Reloading web application '/RESTService'
04-Jan-2022 00:05:45.711 INFO [http-nio-8080-exec-824] org.apache.catalina.core.ApplicationContext.log Manager: list: Listing contexts for virtual host 'localhost'
04-Jan-2022 00:05:45.715 INFO [http-nio-8080-exec-840] org.apache.catalina.core.ApplicationContext.log Manager: restart: Reloading web application '/RESTService'
04-Jan-2022 00:05:52.186 INFO [http-nio-8080-exec-845] org.apache.catalina.core.ApplicationContext.log Manager: list: Listing contexts for virtual host 'localhost'
04-Jan-2022 00:05:52.189 INFO [http-nio-8080-exec-850] org.apache.catalina.core.ApplicationContext.log Manager: restart: Reloading web application '/RESTService'
04-Jan-2022 00:05:58.066 INFO [http-nio-8080-exec-843] org.apache.catalina.core.ApplicationContext.log Manager: list: Listing contexts for virtual host 'localhost'
04-Jan-2022 00:05:58.070 INFO [http-nio-8080-exec-845] org.apache.catalina.core.ApplicationContext.log Manager: restart: Reloading web application '/RESTService'
04-Jan-2022 00:07:06.284 INFO [http-nio-8080-exec-842] org.apache.catalina.core.ApplicationContext.log Manager: list: Listing contexts for virtual host 'localhost'
04-Jan-2022 00:07:06.288 INFO [http-nio-8080-exec-855] org.apache.catalina.core.ApplicationContext.log Manager: restart: Reloading web application '/RESTService'
04-Jan-2022 00:08:04.385 INFO [http-nio-8080-exec-842] org.apache.catalina.core.ApplicationContext.log Manager: list: Listing contexts for virtual host 'localhost'
04-Jan-2022 00:08:04.389 INFO [http-nio-8080-exec-857] org.apache.catalina.core.ApplicationContext.log Manager: restart: Reloading web application '/RESTService'
04-Jan-2022 00:09:39.209 INFO [http-nio-8080-exec-865] org.apache.catalina.core.ApplicationContext.log Manager: list: Listing contexts for virtual host 'localhost'
04-Jan-2022 00:09:39.213 INFO [http-nio-8080-exec-843] org.apache.catalina.core.ApplicationContext.log Manager: restart: Reloading web application '/RESTService'
04-Jan-2022 00:15:15.651 INFO [http-nio-8080-exec-871] org.apache.catalina.core.ApplicationContext.log Manager: list: Listing contexts for virtual host 'localhost'
04-Jan-2022 00:15:15.654 INFO [http-nio-8080-exec-869] org.apache.catalina.core.ApplicationContext.log Manager: restart: Reloading web application '/RESTService'
04-Jan-2022 00:16:06.951 INFO [http-nio-8080-exec-874] org.apache.catalina.core.ApplicationContext.log Manager: list: Listing contexts for virtual host 'localhost'
04-Jan-2022 00:16:06.954 INFO [http-nio-8080-exec-867] org.apache.catalina.core.ApplicationContext.log Manager: restart: Reloading web application '/RESTService'
04-Jan-2022 00:16:10.237 INFO [http-nio-8080-exec-868] org.apache.catalina.core.ApplicationContext.log Manager: list: Listing contexts for virtual host 'localhost'
04-Jan-2022 00:16:10.240 INFO [http-nio-8080-exec-871] org.apache.catalina.core.ApplicationContext.log Manager: restart: Reloading web application '/RESTService'
04-Jan-2022 00:16:17.643 INFO [http-nio-8080-exec-853] org.apache.catalina.core.ApplicationContext.log Manager: list: Listing contexts for virtual host 'localhost'
04-Jan-2022 00:16:17.647 INFO [http-nio-8080-exec-878] org.apache.catalina.core.ApplicationContext.log Manager: restart: Reloading web application '/RESTService'
04-Jan-2022 00:17:00.590 INFO [http-nio-8080-exec-875] org.apache.catalina.core.ApplicationContext.log Manager: list: Listing contexts for virtual host 'localhost'
04-Jan-2022 00:17:00.593 INFO [http-nio-8080-exec-877] org.apache.catalina.core.ApplicationContext.log Manager: restart: Reloading web application '/RESTService'
04-Jan-2022 00:17:05.727 INFO [http-nio-8080-exec-875] org.apache.catalina.core.ApplicationContext.log Manager: list: Listing contexts for virtual host 'localhost'
04-Jan-2022 00:17:05.731 INFO [http-nio-8080-exec-853] org.apache.catalina.core.ApplicationContext.log Manager: restart: Reloading web application '/RESTService'
04-Jan-2022 00:17:11.054 INFO [http-nio-8080-exec-875] org.apache.catalina.core.ApplicationContext.log Manager: list: Listing contexts for virtual host 'localhost'
04-Jan-2022 00:17:11.058 INFO [http-nio-8080-exec-882] org.apache.catalina.core.ApplicationContext.log Manager: restart: Reloading web application '/RESTService'
04-Jan-2022 00:17:59.990 INFO [http-nio-8080-exec-883] org.apache.catalina.core.ApplicationContext.log Manager: list: Listing contexts for virtual host 'localhost'
04-Jan-2022 00:17:59.994 INFO [http-nio-8080-exec-881] org.apache.catalina.core.ApplicationContext.log Manager: restart: Reloading web application '/RESTService'
04-Jan-2022 00:18:06.263 INFO [http-nio-8080-exec-875] org.apache.catalina.core.ApplicationContext.log Manager: list: Listing contexts for virtual host 'localhost'
04-Jan-2022 00:18:06.267 INFO [http-nio-8080-exec-887] org.apache.catalina.core.ApplicationContext.log Manager: restart: Reloading web application '/RESTService'
04-Jan-2022 00:18:15.079 INFO [http-nio-8080-exec-884] org.apache.catalina.core.ApplicationContext.log Manager: list: Listing contexts for virtual host 'localhost'
04-Jan-2022 00:18:15.082 INFO [http-nio-8080-exec-875] org.apache.catalina.core.ApplicationContext.log Manager: restart: Reloading web application '/RESTService'
04-Jan-2022 00:19:07.276 INFO [http-nio-8080-exec-884] org.apache.catalina.core.ApplicationContext.log Manager: list: Listing contexts for virtual host 'localhost'
04-Jan-2022 00:19:07.280 INFO [http-nio-8080-exec-891] org.apache.catalina.core.ApplicationContext.log Manager: restart: Reloading web application '/RESTService'
04-Jan-2022 00:19:10.144 INFO [http-nio-8080-exec-886] org.apache.catalina.core.ApplicationContext.log Manager: list: Listing contexts for virtual host 'localhost'
04-Jan-2022 00:19:10.148 INFO [http-nio-8080-exec-890] org.apache.catalina.core.ApplicationContext.log Manager: restart: Reloading web application '/RESTService'
04-Jan-2022 00:19:18.852 INFO [http-nio-8080-exec-895] org.apache.catalina.core.ApplicationContext.log Manager: list: Listing contexts for virtual host 'localhost'
04-Jan-2022 00:19:18.855 INFO [http-nio-8080-exec-893] org.apache.catalina.core.ApplicationContext.log Manager: restart: Reloading web application '/RESTService'
04-Jan-2022 00:19:37.741 INFO [http-nio-8080-exec-897] org.apache.catalina.core.ApplicationContext.log Manager: list: Listing contexts for virtual host 'localhost'
04-Jan-2022 00:19:37.744 INFO [http-nio-8080-exec-894] org.apache.catalina.core.ApplicationContext.log Manager: restart: Reloading web application '/RESTService'
04-Jan-2022 00:19:52.550 INFO [http-nio-8080-exec-892] org.apache.catalina.core.ApplicationContext.log Manager: list: Listing contexts for virtual host 'localhost'
04-Jan-2022 00:19:52.554 INFO [http-nio-8080-exec-895] org.apache.catalina.core.ApplicationContext.log Manager: restart: Reloading web application '/RESTService'
04-Jan-2022 00:20:46.569 INFO [http-nio-8080-exec-886] org.apache.catalina.core.ApplicationContext.log Manager: list: Listing contexts for virtual host 'localhost'
04-Jan-2022 00:20:46.572 INFO [http-nio-8080-exec-897] org.apache.catalina.core.ApplicationContext.log Manager: restart: Reloading web application '/RESTService'
04-Jan-2022 00:21:33.357 INFO [http-nio-8080-exec-892] org.apache.catalina.core.ApplicationContext.log Manager: list: Listing contexts for virtual host 'localhost'
04-Jan-2022 00:21:33.360 INFO [http-nio-8080-exec-900] org.apache.catalina.core.ApplicationContext.log Manager: restart: Reloading web application '/RESTService'
04-Jan-2022 00:21:41.057 INFO [http-nio-8080-exec-892] org.apache.catalina.core.ApplicationContext.log Manager: list: Listing contexts for virtual host 'localhost'
04-Jan-2022 00:21:41.061 INFO [http-nio-8080-exec-905] org.apache.catalina.core.ApplicationContext.log Manager: restart: Reloading web application '/RESTService'
04-Jan-2022 00:21:53.610 INFO [http-nio-8080-exec-907] org.apache.catalina.core.ApplicationContext.log Manager: list: Listing contexts for virtual host 'localhost'
04-Jan-2022 00:21:53.614 INFO [http-nio-8080-exec-906] org.apache.catalina.core.ApplicationContext.log Manager: restart: Reloading web application '/RESTService'
04-Jan-2022 00:22:05.290 INFO [http-nio-8080-exec-892] org.apache.catalina.core.ApplicationContext.log Manager: list: Listing contexts for virtual host 'localhost'
04-Jan-2022 00:22:05.293 INFO [http-nio-8080-exec-909] org.apache.catalina.core.ApplicationContext.log Manager: restart: Reloading web application '/RESTService'
04-Jan-2022 00:22:07.635 INFO [http-nio-8080-exec-866] org.apache.catalina.core.ApplicationContext.log Manager: list: Listing contexts for virtual host 'localhost'
04-Jan-2022 00:22:07.637 INFO [http-nio-8080-exec-908] org.apache.catalina.core.ApplicationContext.log Manager: restart: Reloading web application '/RESTService'
04-Jan-2022 00:22:22.081 INFO [http-nio-8080-exec-901] org.apache.catalina.core.ApplicationContext.log Manager: list: Listing contexts for virtual host 'localhost'
04-Jan-2022 00:22:22.085 INFO [http-nio-8080-exec-911] org.apache.catalina.core.ApplicationContext.log Manager: restart: Reloading web application '/RESTService'
04-Jan-2022 00:26:22.184 INFO [http-nio-8080-exec-919] org.apache.catalina.core.ApplicationContext.log Manager: list: Listing contexts for virtual host 'localhost'
04-Jan-2022 00:26:22.187 INFO [http-nio-8080-exec-920] org.apache.catalina.core.ApplicationContext.log Manager: restart: Reloading web application '/RESTService'
04-Jan-2022 00:27:52.728 INFO [http-nio-8080-exec-928] org.apache.catalina.core.ApplicationContext.log Manager: list: Listing contexts for virtual host 'localhost'
04-Jan-2022 00:27:52.731 INFO [http-nio-8080-exec-925] org.apache.catalina.core.ApplicationContext.log Manager: restart: Reloading web application '/RESTService'
04-Jan-2022 00:29:16.147 INFO [http-nio-8080-exec-933] org.apache.catalina.core.ApplicationContext.log Manager: list: Listing contexts for virtual host 'localhost'
04-Jan-2022 00:29:16.151 INFO [http-nio-8080-exec-940] org.apache.catalina.core.ApplicationContext.log Manager: restart: Reloading web application '/RESTService'
04-Jan-2022 00:31:47.612 INFO [http-nio-8080-exec-943] org.apache.catalina.core.ApplicationContext.log Manager: list: Listing contexts for virtual host 'localhost'
04-Jan-2022 00:31:47.615 INFO [http-nio-8080-exec-946] org.apache.catalina.core.ApplicationContext.log Manager: restart: Reloading web application '/RESTService'
04-Jan-2022 00:35:02.654 INFO [http-nio-8080-exec-950] org.apache.catalina.core.ApplicationContext.log Manager: list: Listing contexts for virtual host 'localhost'
04-Jan-2022 00:35:02.658 INFO [http-nio-8080-exec-949] org.apache.catalina.core.ApplicationContext.log Manager: restart: Reloading web application '/RESTService'
04-Jan-2022 00:35:43.537 INFO [http-nio-8080-exec-950] org.apache.catalina.core.ApplicationContext.log Manager: list: Listing contexts for virtual host 'localhost'
04-Jan-2022 00:35:43.540 INFO [http-nio-8080-exec-952] org.apache.catalina.core.ApplicationContext.log Manager: restart: Reloading web application '/RESTService'
04-Jan-2022 00:37:55.019 INFO [http-nio-8080-exec-961] org.apache.catalina.core.ApplicationContext.log Manager: list: Listing contexts for virtual host 'localhost'
04-Jan-2022 00:37:55.022 INFO [http-nio-8080-exec-965] org.apache.catalina.core.ApplicationContext.log Manager: restart: Reloading web application '/RESTService'
04-Jan-2022 00:38:56.154 INFO [http-nio-8080-exec-975] org.apache.catalina.core.ApplicationContext.log Manager: list: Listing contexts for virtual host 'localhost'
04-Jan-2022 00:38:56.157 INFO [http-nio-8080-exec-971] org.apache.catalina.core.ApplicationContext.log Manager: restart: Reloading web application '/RESTService'
04-Jan-2022 00:40:12.488 INFO [http-nio-8080-exec-980] org.apache.catalina.core.ApplicationContext.log Manager: list: Listing contexts for virtual host 'localhost'
04-Jan-2022 00:40:12.491 INFO [http-nio-8080-exec-969] org.apache.catalina.core.ApplicationContext.log Manager: restart: Reloading web application '/RESTService'
04-Jan-2022 00:40:31.814 INFO [http-nio-8080-exec-976] org.apache.catalina.core.ApplicationContext.log Manager: list: Listing contexts for virtual host 'localhost'
04-Jan-2022 00:40:31.818 INFO [http-nio-8080-exec-972] org.apache.catalina.core.ApplicationContext.log Manager: restart: Reloading web application '/RESTService'
04-Jan-2022 00:41:39.605 INFO [http-nio-8080-exec-970] org.apache.catalina.core.ApplicationContext.log Manager: list: Listing contexts for virtual host 'localhost'
04-Jan-2022 00:41:39.609 INFO [http-nio-8080-exec-986] org.apache.catalina.core.ApplicationContext.log Manager: restart: Reloading web application '/RESTService'
04-Jan-2022 00:41:46.114 INFO [http-nio-8080-exec-987] org.apache.catalina.core.ApplicationContext.log Manager: list: Listing contexts for virtual host 'localhost'
04-Jan-2022 00:41:46.118 INFO [http-nio-8080-exec-988] org.apache.catalina.core.ApplicationContext.log Manager: restart: Reloading web application '/RESTService'
04-Jan-2022 00:42:07.557 INFO [http-nio-8080-exec-989] org.apache.catalina.core.ApplicationContext.log Manager: list: Listing contexts for virtual host 'localhost'
04-Jan-2022 00:42:07.561 INFO [http-nio-8080-exec-985] org.apache.catalina.core.ApplicationContext.log Manager: restart: Reloading web application '/RESTService'
04-Jan-2022 00:42:15.883 INFO [http-nio-8080-exec-989] org.apache.catalina.core.ApplicationContext.log Manager: list: Listing contexts for virtual host 'localhost'
04-Jan-2022 00:42:15.887 INFO [http-nio-8080-exec-990] org.apache.catalina.core.ApplicationContext.log Manager: restart: Reloading web application '/RESTService'
04-Jan-2022 00:42:24.562 INFO [http-nio-8080-exec-993] org.apache.catalina.core.ApplicationContext.log Manager: list: Listing contexts for virtual host 'localhost'
04-Jan-2022 00:42:24.566 INFO [http-nio-8080-exec-992] org.apache.catalina.core.ApplicationContext.log Manager: restart: Reloading web application '/RESTService'
04-Jan-2022 00:46:56.397 INFO [http-nio-8080-exec-1000] org.apache.catalina.core.ApplicationContext.log Manager: list: Listing contexts for virtual host 'localhost'
04-Jan-2022 00:46:56.400 INFO [http-nio-8080-exec-999] org.apache.catalina.core.ApplicationContext.log Manager: restart: Reloading web application '/RESTService'
04-Jan-2022 00:47:04.527 INFO [http-nio-8080-exec-1005] org.apache.catalina.core.ApplicationContext.log Manager: list: Listing contexts for virtual host 'localhost'
04-Jan-2022 00:47:04.530 INFO [http-nio-8080-exec-998] org.apache.catalina.core.ApplicationContext.log Manager: restart: Reloading web application '/RESTService'
04-Jan-2022 00:48:03.370 INFO [http-nio-8080-exec-1004] org.apache.catalina.core.ApplicationContext.log Manager: list: Listing contexts for virtual host 'localhost'
04-Jan-2022 00:48:03.374 INFO [http-nio-8080-exec-1005] org.apache.catalina.core.ApplicationContext.log Manager: restart: Reloading web application '/RESTService'
04-Jan-2022 00:50:21.959 INFO [http-nio-8080-exec-1014] org.apache.catalina.core.ApplicationContext.log Manager: list: Listing contexts for virtual host 'localhost'
04-Jan-2022 00:50:21.963 INFO [http-nio-8080-exec-1017] org.apache.catalina.core.ApplicationContext.log Manager: restart: Reloading web application '/RESTService'
04-Jan-2022 00:50:24.265 INFO [http-nio-8080-exec-1016] org.apache.catalina.core.ApplicationContext.log Manager: list: Listing contexts for virtual host 'localhost'
04-Jan-2022 00:50:24.269 INFO [http-nio-8080-exec-1012] org.apache.catalina.core.ApplicationContext.log Manager: restart: Reloading web application '/RESTService'
04-Jan-2022 00:50:50.224 INFO [http-nio-8080-exec-1015] org.apache.catalina.core.ApplicationContext.log Manager: list: Listing contexts for virtual host 'localhost'
04-Jan-2022 00:50:50.227 INFO [http-nio-8080-exec-1008] org.apache.catalina.core.ApplicationContext.log Manager: restart: Reloading web application '/RESTService'
04-Jan-2022 00:50:55.626 INFO [http-nio-8080-exec-1020] org.apache.catalina.core.ApplicationContext.log Manager: list: Listing contexts for virtual host 'localhost'
04-Jan-2022 00:50:55.630 INFO [http-nio-8080-exec-1010] org.apache.catalina.core.ApplicationContext.log Manager: restart: Reloading web application '/RESTService'
04-Jan-2022 00:51:54.955 INFO [http-nio-8080-exec-1003] org.apache.catalina.core.ApplicationContext.log Manager: list: Listing contexts for virtual host 'localhost'
04-Jan-2022 00:51:54.959 INFO [http-nio-8080-exec-1019] org.apache.catalina.core.ApplicationContext.log Manager: restart: Reloading web application '/RESTService'
04-Jan-2022 00:53:28.060 INFO [http-nio-8080-exec-1028] org.apache.catalina.core.ApplicationContext.log Manager: list: Listing contexts for virtual host 'localhost'
04-Jan-2022 00:53:28.064 INFO [http-nio-8080-exec-1003] org.apache.catalina.core.ApplicationContext.log Manager: restart: Reloading web application '/RESTService'
04-Jan-2022 00:53:30.377 INFO [http-nio-8080-exec-1027] org.apache.catalina.core.ApplicationContext.log Manager: list: Listing contexts for virtual host 'localhost'
04-Jan-2022 00:53:30.381 INFO [http-nio-8080-exec-1018] org.apache.catalina.core.ApplicationContext.log Manager: restart: Reloading web application '/RESTService'
04-Jan-2022 00:54:43.899 INFO [http-nio-8080-exec-1020] org.apache.catalina.core.ApplicationContext.log Manager: list: Listing contexts for virtual host 'localhost'
04-Jan-2022 00:54:43.903 INFO [http-nio-8080-exec-1028] org.apache.catalina.core.ApplicationContext.log Manager: restart: Reloading web application '/RESTService'
04-Jan-2022 00:54:46.233 INFO [http-nio-8080-exec-1026] org.apache.catalina.core.ApplicationContext.log Manager: list: Listing contexts for virtual host 'localhost'
04-Jan-2022 00:54:46.237 INFO [http-nio-8080-exec-1030] org.apache.catalina.core.ApplicationContext.log Manager: restart: Reloading web application '/RESTService'
04-Jan-2022 00:56:02.717 INFO [http-nio-8080-exec-1038] org.apache.catalina.core.ApplicationContext.log Manager: list: Listing contexts for virtual host 'localhost'
04-Jan-2022 00:56:02.721 INFO [http-nio-8080-exec-1020] org.apache.catalina.core.ApplicationContext.log Manager: restart: Reloading web application '/RESTService'
04-Jan-2022 00:56:04.866 INFO [http-nio-8080-exec-1026] org.apache.catalina.core.ApplicationContext.log Manager: list: Listing contexts for virtual host 'localhost'
04-Jan-2022 00:56:04.869 INFO [http-nio-8080-exec-1027] org.apache.catalina.core.ApplicationContext.log Manager: restart: Reloading web application '/RESTService'
04-Jan-2022 00:56:43.474 INFO [http-nio-8080-exec-1034] org.apache.catalina.core.ApplicationContext.log Manager: list: Listing contexts for virtual host 'localhost'
04-Jan-2022 00:56:43.478 INFO [http-nio-8080-exec-1032] org.apache.catalina.core.ApplicationContext.log Manager: restart: Reloading web application '/RESTService'
04-Jan-2022 00:56:45.888 INFO [http-nio-8080-exec-1041] org.apache.catalina.core.ApplicationContext.log Manager: list: Listing contexts for virtual host 'localhost'
04-Jan-2022 00:56:45.891 INFO [http-nio-8080-exec-1037] org.apache.catalina.core.ApplicationContext.log Manager: restart: Reloading web application '/RESTService'
04-Jan-2022 00:57:25.137 INFO [http-nio-8080-exec-1036] org.apache.catalina.core.ApplicationContext.log Manager: list: Listing contexts for virtual host 'localhost'
04-Jan-2022 00:57:25.140 INFO [http-nio-8080-exec-1038] org.apache.catalina.core.ApplicationContext.log Manager: restart: Reloading web application '/RESTService'
04-Jan-2022 00:57:27.432 INFO [http-nio-8080-exec-1026] org.apache.catalina.core.ApplicationContext.log Manager: list: Listing contexts for virtual host 'localhost'
04-Jan-2022 00:57:27.435 INFO [http-nio-8080-exec-1021] org.apache.catalina.core.ApplicationContext.log Manager: restart: Reloading web application '/RESTService'
04-Jan-2022 00:58:18.476 INFO [http-nio-8080-exec-1042] org.apache.catalina.core.ApplicationContext.log Manager: list: Listing contexts for virtual host 'localhost'
04-Jan-2022 00:58:18.479 INFO [http-nio-8080-exec-1036] org.apache.catalina.core.ApplicationContext.log Manager: restart: Reloading web application '/RESTService'
04-Jan-2022 00:59:00.587 INFO [http-nio-8080-exec-1045] org.apache.catalina.core.ApplicationContext.log Manager: list: Listing contexts for virtual host 'localhost'
04-Jan-2022 00:59:00.590 INFO [http-nio-8080-exec-1034] org.apache.catalina.core.ApplicationContext.log Manager: restart: Reloading web application '/RESTService'
04-Jan-2022 00:59:07.505 INFO [http-nio-8080-exec-1039] org.apache.catalina.core.ApplicationContext.log Manager: list: Listing contexts for virtual host 'localhost'
04-Jan-2022 00:59:07.509 INFO [http-nio-8080-exec-1045] org.apache.catalina.core.ApplicationContext.log Manager: restart: Reloading web application '/RESTService'
04-Jan-2022 00:59:16.300 INFO [http-nio-8080-exec-1049] org.apache.catalina.core.ApplicationContext.log Manager: list: Listing contexts for virtual host 'localhost'
04-Jan-2022 00:59:16.304 INFO [http-nio-8080-exec-1044] org.apache.catalina.core.ApplicationContext.log Manager: restart: Reloading web application '/RESTService'
04-Jan-2022 01:01:50.489 INFO [http-nio-8080-exec-1058] org.apache.catalina.core.ApplicationContext.log Manager: list: Listing contexts for virtual host 'localhost'
04-Jan-2022 01:01:50.493 INFO [http-nio-8080-exec-1055] org.apache.catalina.core.ApplicationContext.log Manager: restart: Reloading web application '/RESTService'
04-Jan-2022 01:03:36.215 INFO [http-nio-8080-exec-1066] org.apache.catalina.core.ApplicationContext.log Manager: list: Listing contexts for virtual host 'localhost'
04-Jan-2022 01:03:36.244 INFO [http-nio-8080-exec-1064] org.apache.catalina.core.ApplicationContext.log Manager: list: Listing contexts for virtual host 'localhost'
04-Jan-2022 01:03:36.413 INFO [http-nio-8080-exec-1060] org.apache.catalina.core.ApplicationContext.log Manager: list: Listing contexts for virtual host 'localhost'
04-Jan-2022 01:03:36.416 INFO [http-nio-8080-exec-1065] org.apache.catalina.core.ApplicationContext.log Manager: restart: Reloading web application '/RESTService'
04-Jan-2022 01:04:07.144 INFO [http-nio-8080-exec-1060] org.apache.catalina.core.ApplicationContext.log Manager: list: Listing contexts for virtual host 'localhost'
04-Jan-2022 01:04:07.148 INFO [http-nio-8080-exec-1063] org.apache.catalina.core.ApplicationContext.log Manager: restart: Reloading web application '/RESTService'
04-Jan-2022 01:04:09.445 INFO [http-nio-8080-exec-1026] org.apache.catalina.core.ApplicationContext.log Manager: list: Listing contexts for virtual host 'localhost'
04-Jan-2022 01:04:09.449 INFO [http-nio-8080-exec-1066] org.apache.catalina.core.ApplicationContext.log Manager: restart: Reloading web application '/RESTService'
04-Jan-2022 01:05:01.356 INFO [http-nio-8080-exec-1056] org.apache.catalina.core.ApplicationContext.log Manager: list: Listing contexts for virtual host 'localhost'
04-Jan-2022 01:05:01.361 INFO [http-nio-8080-exec-1060] org.apache.catalina.core.ApplicationContext.log Manager: restart: Reloading web application '/RESTService'
04-Jan-2022 01:05:03.679 INFO [http-nio-8080-exec-1071] org.apache.catalina.core.ApplicationContext.log Manager: list: Listing contexts for virtual host 'localhost'
04-Jan-2022 01:05:03.684 INFO [http-nio-8080-exec-1070] org.apache.catalina.core.ApplicationContext.log Manager: restart: Reloading web application '/RESTService'
04-Jan-2022 01:05:13.887 INFO [http-nio-8080-exec-1061] org.apache.catalina.core.ApplicationContext.log Manager: list: Listing contexts for virtual host 'localhost'
04-Jan-2022 01:05:13.891 INFO [http-nio-8080-exec-1057] org.apache.catalina.core.ApplicationContext.log Manager: restart: Reloading web application '/RESTService'
04-Jan-2022 01:13:19.317 INFO [http-nio-8080-exec-1079] org.apache.catalina.core.ApplicationContext.log Manager: list: Listing contexts for virtual host 'localhost'
04-Jan-2022 01:13:19.321 INFO [http-nio-8080-exec-1080] org.apache.catalina.core.ApplicationContext.log Manager: restart: Reloading web application '/RESTService'
04-Jan-2022 01:13:34.867 INFO [http-nio-8080-exec-1081] org.apache.catalina.core.ApplicationContext.log Manager: list: Listing contexts for virtual host 'localhost'
04-Jan-2022 01:13:34.870 INFO [http-nio-8080-exec-1082] org.apache.catalina.core.ApplicationContext.log Manager: restart: Reloading web application '/RESTService'
04-Jan-2022 01:13:37.150 INFO [http-nio-8080-exec-1075] org.apache.catalina.core.ApplicationContext.log Manager: list: Listing contexts for virtual host 'localhost'
04-Jan-2022 01:13:37.153 INFO [http-nio-8080-exec-1077] org.apache.catalina.core.ApplicationContext.log Manager: restart: Reloading web application '/RESTService'
04-Jan-2022 01:13:39.189 INFO [http-nio-8080-exec-1084] org.apache.catalina.core.ApplicationContext.log Manager: list: Listing contexts for virtual host 'localhost'
04-Jan-2022 01:13:39.193 INFO [http-nio-8080-exec-1076] org.apache.catalina.core.ApplicationContext.log Manager: restart: Reloading web application '/RESTService'
04-Jan-2022 01:13:41.512 INFO [http-nio-8080-exec-1084] org.apache.catalina.core.ApplicationContext.log Manager: list: Listing contexts for virtual host 'localhost'
04-Jan-2022 01:13:41.515 INFO [http-nio-8080-exec-1079] org.apache.catalina.core.ApplicationContext.log Manager: restart: Reloading web application '/RESTService'
04-Jan-2022 01:14:01.392 INFO [http-nio-8080-exec-1088] org.apache.catalina.core.ApplicationContext.log Manager: list: Listing contexts for virtual host 'localhost'
04-Jan-2022 01:14:01.396 INFO [http-nio-8080-exec-1086] org.apache.catalina.core.ApplicationContext.log Manager: restart: Reloading web application '/RESTService'
04-Jan-2022 01:14:07.103 INFO [http-nio-8080-exec-1088] org.apache.catalina.core.ApplicationContext.log Manager: list: Listing contexts for virtual host 'localhost'
04-Jan-2022 01:14:07.106 INFO [http-nio-8080-exec-1090] org.apache.catalina.core.ApplicationContext.log Manager: restart: Reloading web application '/RESTService'
04-Jan-2022 01:18:51.868 INFO [http-nio-8080-exec-1097] org.apache.catalina.core.ApplicationContext.log Manager: list: Listing contexts for virtual host 'localhost'
04-Jan-2022 01:18:51.871 INFO [http-nio-8080-exec-1098] org.apache.catalina.core.ApplicationContext.log Manager: restart: Reloading web application '/RESTService'
04-Jan-2022 01:32:06.357 INFO [http-nio-8080-exec-1104] org.apache.catalina.core.ApplicationContext.log Manager: list: Listing contexts for virtual host 'localhost'
04-Jan-2022 01:32:06.357 INFO [http-nio-8080-exec-1105] org.apache.catalina.core.ApplicationContext.log Manager: list: Listing contexts for virtual host 'localhost'
04-Jan-2022 01:32:06.361 INFO [http-nio-8080-exec-1106] org.apache.catalina.core.ApplicationContext.log Manager: undeploy: Undeploying web application at '/RESTService'
04-Jan-2022 01:32:07.386 INFO [http-nio-8080-exec-1108] org.apache.catalina.core.ApplicationContext.log Manager: install: Installing context configuration at 'file:/C:/Users/hassa/AppData/Local/Temp/context3677014286504928972.xml'
04-Jan-2022 01:32:09.369 INFO [http-nio-8080-exec-1109] org.apache.catalina.core.ApplicationContext.log Manager: start: Starting web application '/RESTService'
04-Jan-2022 04:23:21.449 INFO [http-nio-8080-exec-5] org.apache.catalina.core.ApplicationContext.log Manager: init: Associated with Deployer 'Catalina:type=Deployer,host=localhost'
04-Jan-2022 04:23:21.449 INFO [http-nio-8080-exec-5] org.apache.catalina.core.ApplicationContext.log Manager: init: Global resources are available
04-Jan-2022 04:23:29.533 INFO [http-nio-8080-exec-9] org.apache.catalina.core.ApplicationContext.log Manager: list: Listing contexts for virtual host 'localhost'
04-Jan-2022 04:23:29.539 INFO [http-nio-8080-exec-8] org.apache.catalina.core.ApplicationContext.log Manager: undeploy: Undeploying web application at '/RESTService'
04-Jan-2022 04:23:34.961 INFO [http-nio-8080-exec-9] org.apache.catalina.core.ApplicationContext.log Manager: list: Listing contexts for virtual host 'localhost'
04-Jan-2022 04:23:34.963 INFO [http-nio-8080-exec-4] org.apache.catalina.core.ApplicationContext.log Manager: list: Listing contexts for virtual host 'localhost'
04-Jan-2022 04:23:34.976 INFO [http-nio-8080-exec-1] org.apache.catalina.core.ApplicationContext.log Manager: install: Installing context configuration at 'file:/C:/Users/hassa/AppData/Local/Temp/context10399380643411082178.xml'
04-Jan-2022 04:23:37.180 INFO [http-nio-8080-exec-6] org.apache.catalina.core.ApplicationContext.log Manager: start: Starting web application '/RESTService'
04-Jan-2022 14:40:34.148 INFO [http-nio-8080-exec-5] org.apache.catalina.core.ApplicationContext.log Manager: init: Associated with Deployer 'Catalina:type=Deployer,host=localhost'
04-Jan-2022 14:40:34.148 INFO [http-nio-8080-exec-5] org.apache.catalina.core.ApplicationContext.log Manager: init: Global resources are available
04-Jan-2022 14:40:45.950 INFO [http-nio-8080-exec-8] org.apache.catalina.core.ApplicationContext.log Manager: list: Listing contexts for virtual host 'localhost'
04-Jan-2022 14:40:45.956 INFO [http-nio-8080-exec-9] org.apache.catalina.core.ApplicationContext.log Manager: undeploy: Undeploying web application at '/RESTService'
04-Jan-2022 14:40:49.923 INFO [http-nio-8080-exec-8] org.apache.catalina.core.ApplicationContext.log Manager: list: Listing contexts for virtual host 'localhost'
04-Jan-2022 14:40:49.926 INFO [http-nio-8080-exec-6] org.apache.catalina.core.ApplicationContext.log Manager: list: Listing contexts for virtual host 'localhost'
04-Jan-2022 14:40:49.938 INFO [http-nio-8080-exec-3] org.apache.catalina.core.ApplicationContext.log Manager: install: Installing context configuration at 'file:/C:/Users/hassa/AppData/Local/Temp/context17683075483577291460.xml'
04-Jan-2022 14:40:52.268 INFO [http-nio-8080-exec-1] org.apache.catalina.core.ApplicationContext.log Manager: start: Starting web application '/RESTService'
04-Jan-2022 14:45:37.280 INFO [http-nio-8080-exec-12] org.apache.catalina.core.ApplicationContext.log Manager: list: Listing contexts for virtual host 'localhost'
04-Jan-2022 14:45:37.281 INFO [http-nio-8080-exec-14] org.apache.catalina.core.ApplicationContext.log Manager: list: Listing contexts for virtual host 'localhost'
04-Jan-2022 14:45:37.285 INFO [http-nio-8080-exec-15] org.apache.catalina.core.ApplicationContext.log Manager: undeploy: Undeploying web application at '/RESTService'
04-Jan-2022 14:45:37.810 INFO [http-nio-8080-exec-19] org.apache.catalina.core.ApplicationContext.log Manager: install: Installing context configuration at 'file:/C:/Users/hassa/AppData/Local/Temp/context2032511253036729590.xml'
04-Jan-2022 14:45:39.941 INFO [http-nio-8080-exec-16] org.apache.catalina.core.ApplicationContext.log Manager: start: Starting web application '/RESTService'
04-Jan-2022 14:48:02.421 INFO [http-nio-8080-exec-24] org.apache.catalina.core.ApplicationContext.log Manager: list: Listing contexts for virtual host 'localhost'
04-Jan-2022 14:48:02.429 INFO [http-nio-8080-exec-28] org.apache.catalina.core.ApplicationContext.log Manager: restart: Reloading web application '/RESTService'
04-Jan-2022 14:48:04.905 INFO [http-nio-8080-exec-30] org.apache.catalina.core.ApplicationContext.log Manager: list: Listing contexts for virtual host 'localhost'
04-Jan-2022 14:48:04.909 INFO [http-nio-8080-exec-25] org.apache.catalina.core.ApplicationContext.log Manager: restart: Reloading web application '/RESTService'
04-Jan-2022 14:48:17.069 INFO [http-nio-8080-exec-29] org.apache.catalina.core.ApplicationContext.log Manager: list: Listing contexts for virtual host 'localhost'
04-Jan-2022 14:48:17.073 INFO [http-nio-8080-exec-31] org.apache.catalina.core.ApplicationContext.log Manager: restart: Reloading web application '/RESTService'
04-Jan-2022 14:48:19.574 INFO [http-nio-8080-exec-26] org.apache.catalina.core.ApplicationContext.log Manager: list: Listing contexts for virtual host 'localhost'
04-Jan-2022 14:48:19.578 INFO [http-nio-8080-exec-29] org.apache.catalina.core.ApplicationContext.log Manager: restart: Reloading web application '/RESTService'
04-Jan-2022 14:55:59.238 INFO [http-nio-8080-exec-41] org.apache.catalina.core.ApplicationContext.log Manager: list: Listing contexts for virtual host 'localhost'
04-Jan-2022 14:55:59.241 INFO [http-nio-8080-exec-35] org.apache.catalina.core.ApplicationContext.log Manager: restart: Reloading web application '/RESTService'
04-Jan-2022 14:56:55.947 INFO [http-nio-8080-exec-42] org.apache.catalina.core.ApplicationContext.log Manager: list: Listing contexts for virtual host 'localhost'
04-Jan-2022 14:56:55.950 INFO [http-nio-8080-exec-36] org.apache.catalina.core.ApplicationContext.log Manager: restart: Reloading web application '/RESTService'
04-Jan-2022 14:58:48.010 INFO [http-nio-8080-exec-51] org.apache.catalina.core.ApplicationContext.log Manager: list: Listing contexts for virtual host 'localhost'
04-Jan-2022 14:58:48.013 INFO [http-nio-8080-exec-48] org.apache.catalina.core.ApplicationContext.log Manager: restart: Reloading web application '/RESTService'
04-Jan-2022 14:59:21.167 INFO [http-nio-8080-exec-53] org.apache.catalina.core.ApplicationContext.log Manager: list: Listing contexts for virtual host 'localhost'
04-Jan-2022 14:59:21.171 INFO [http-nio-8080-exec-47] org.apache.catalina.core.ApplicationContext.log Manager: restart: Reloading web application '/RESTService'
04-Jan-2022 14:59:45.822 INFO [http-nio-8080-exec-59] org.apache.catalina.core.ApplicationContext.log Manager: list: Listing contexts for virtual host 'localhost'
04-Jan-2022 14:59:45.823 INFO [http-nio-8080-exec-54] org.apache.catalina.core.ApplicationContext.log Manager: list: Listing contexts for virtual host 'localhost'
04-Jan-2022 14:59:45.827 INFO [http-nio-8080-exec-53] org.apache.catalina.core.ApplicationContext.log Manager: undeploy: Undeploying web application at '/RESTService'
04-Jan-2022 14:59:46.350 INFO [http-nio-8080-exec-55] org.apache.catalina.core.ApplicationContext.log Manager: install: Installing context configuration at 'file:/C:/Users/hassa/AppData/Local/Temp/context6114308591738571885.xml'
04-Jan-2022 14:59:48.339 INFO [http-nio-8080-exec-56] org.apache.catalina.core.ApplicationContext.log Manager: start: Starting web application '/RESTService'
04-Jan-2022 14:59:50.558 INFO [http-nio-8080-exec-53] org.apache.catalina.core.ApplicationContext.log Manager: list: Listing contexts for virtual host 'localhost'
04-Jan-2022 14:59:50.561 INFO [http-nio-8080-exec-61] org.apache.catalina.core.ApplicationContext.log Manager: undeploy: Undeploying web application at '/RESTService'
04-Jan-2022 14:59:54.917 INFO [http-nio-8080-exec-62] org.apache.catalina.core.ApplicationContext.log Manager: list: Listing contexts for virtual host 'localhost'
04-Jan-2022 14:59:54.918 INFO [http-nio-8080-exec-56] org.apache.catalina.core.ApplicationContext.log Manager: list: Listing contexts for virtual host 'localhost'
04-Jan-2022 14:59:54.922 INFO [http-nio-8080-exec-53] org.apache.catalina.core.ApplicationContext.log Manager: install: Installing context configuration at 'file:/C:/Users/hassa/AppData/Local/Temp/context16264088150211609506.xml'
04-Jan-2022 14:59:56.986 INFO [http-nio-8080-exec-60] org.apache.catalina.core.ApplicationContext.log Manager: start: Starting web application '/RESTService'
04-Jan-2022 15:01:51.342 INFO [http-nio-8080-exec-65] org.apache.catalina.core.ApplicationContext.log Manager: list: Listing contexts for virtual host 'localhost'
04-Jan-2022 15:01:51.346 INFO [http-nio-8080-exec-63] org.apache.catalina.core.ApplicationContext.log Manager: restart: Reloading web application '/RESTService'
04-Jan-2022 15:02:35.334 INFO [http-nio-8080-exec-78] org.apache.catalina.core.ApplicationContext.log Manager: list: Listing contexts for virtual host 'localhost'
04-Jan-2022 15:02:35.338 INFO [http-nio-8080-exec-71] org.apache.catalina.core.ApplicationContext.log Manager: restart: Reloading web application '/RESTService'
04-Jan-2022 15:03:18.149 INFO [http-nio-8080-exec-80] org.apache.catalina.core.ApplicationContext.log Manager: list: Listing contexts for virtual host 'localhost'
04-Jan-2022 15:03:18.152 INFO [http-nio-8080-exec-81] org.apache.catalina.core.ApplicationContext.log Manager: restart: Reloading web application '/RESTService'
04-Jan-2022 15:03:20.590 INFO [http-nio-8080-exec-65] org.apache.catalina.core.ApplicationContext.log Manager: list: Listing contexts for virtual host 'localhost'
04-Jan-2022 15:03:20.594 INFO [http-nio-8080-exec-80] org.apache.catalina.core.ApplicationContext.log Manager: restart: Reloading web application '/RESTService'
04-Jan-2022 17:40:22.267 INFO [http-nio-8080-exec-88] org.apache.catalina.core.ApplicationContext.log Manager: list: Listing contexts for virtual host 'localhost'
04-Jan-2022 17:40:22.268 INFO [http-nio-8080-exec-95] org.apache.catalina.core.ApplicationContext.log Manager: list: Listing contexts for virtual host 'localhost'
04-Jan-2022 17:40:22.273 INFO [http-nio-8080-exec-92] org.apache.catalina.core.ApplicationContext.log Manager: undeploy: Undeploying web application at '/RESTService'
04-Jan-2022 17:40:22.806 INFO [http-nio-8080-exec-89] org.apache.catalina.core.ApplicationContext.log Manager: install: Installing context configuration at 'file:/C:/Users/hassa/AppData/Local/Temp/context16727500745278231032.xml'
04-Jan-2022 17:40:24.877 INFO [http-nio-8080-exec-91] org.apache.catalina.core.ApplicationContext.log Manager: start: Starting web application '/RESTService'
04-Jan-2022 18:12:09.950 INFO [http-nio-8080-exec-98] org.apache.catalina.core.ApplicationContext.log Manager: list: Listing contexts for virtual host 'localhost'
04-Jan-2022 18:12:09.956 INFO [http-nio-8080-exec-99] org.apache.catalina.core.ApplicationContext.log Manager: restart: Reloading web application '/RESTService'
04-Jan-2022 18:12:12.340 INFO [http-nio-8080-exec-104] org.apache.catalina.core.ApplicationContext.log Manager: list: Listing contexts for virtual host 'localhost'
04-Jan-2022 18:12:12.344 INFO [http-nio-8080-exec-98] org.apache.catalina.core.ApplicationContext.log Manager: restart: Reloading web application '/RESTService'
04-Jan-2022 18:12:24.783 INFO [http-nio-8080-exec-106] org.apache.catalina.core.ApplicationContext.log Manager: list: Listing contexts for virtual host 'localhost'
04-Jan-2022 18:12:24.788 INFO [http-nio-8080-exec-101] org.apache.catalina.core.ApplicationContext.log Manager: restart: Reloading web application '/RESTService'
04-Jan-2022 18:12:27.189 INFO [http-nio-8080-exec-105] org.apache.catalina.core.ApplicationContext.log Manager: list: Listing contexts for virtual host 'localhost'
04-Jan-2022 18:12:27.194 INFO [http-nio-8080-exec-108] org.apache.catalina.core.ApplicationContext.log Manager: restart: Reloading web application '/RESTService'
04-Jan-2022 18:13:10.886 INFO [http-nio-8080-exec-103] org.apache.catalina.core.ApplicationContext.log Manager: list: Listing contexts for virtual host 'localhost'
04-Jan-2022 18:13:10.890 INFO [http-nio-8080-exec-100] org.apache.catalina.core.ApplicationContext.log Manager: restart: Reloading web application '/RESTService'
04-Jan-2022 18:13:37.551 INFO [http-nio-8080-exec-102] org.apache.catalina.core.ApplicationContext.log Manager: list: Listing contexts for virtual host 'localhost'
04-Jan-2022 18:13:37.555 INFO [http-nio-8080-exec-103] org.apache.catalina.core.ApplicationContext.log Manager: restart: Reloading web application '/RESTService'
04-Jan-2022 18:13:40.009 INFO [http-nio-8080-exec-96] org.apache.catalina.core.ApplicationContext.log Manager: list: Listing contexts for virtual host 'localhost'
04-Jan-2022 18:13:40.013 INFO [http-nio-8080-exec-107] org.apache.catalina.core.ApplicationContext.log Manager: restart: Reloading web application '/RESTService'
04-Jan-2022 18:13:42.213 INFO [http-nio-8080-exec-114] org.apache.catalina.core.ApplicationContext.log Manager: list: Listing contexts for virtual host 'localhost'
04-Jan-2022 18:13:42.218 INFO [http-nio-8080-exec-112] org.apache.catalina.core.ApplicationContext.log Manager: restart: Reloading web application '/RESTService'
04-Jan-2022 18:14:18.441 INFO [http-nio-8080-exec-106] org.apache.catalina.core.ApplicationContext.log Manager: list: Listing contexts for virtual host 'localhost'
04-Jan-2022 18:14:18.445 INFO [http-nio-8080-exec-114] org.apache.catalina.core.ApplicationContext.log Manager: restart: Reloading web application '/RESTService'
04-Jan-2022 18:14:20.758 INFO [http-nio-8080-exec-113] org.apache.catalina.core.ApplicationContext.log Manager: list: Listing contexts for virtual host 'localhost'
04-Jan-2022 18:14:20.761 INFO [http-nio-8080-exec-97] org.apache.catalina.core.ApplicationContext.log Manager: restart: Reloading web application '/RESTService'
04-Jan-2022 18:14:24.576 INFO [http-nio-8080-exec-118] org.apache.catalina.core.ApplicationContext.log Manager: list: Listing contexts for virtual host 'localhost'
04-Jan-2022 18:14:24.580 INFO [http-nio-8080-exec-117] org.apache.catalina.core.ApplicationContext.log Manager: restart: Reloading web application '/RESTService'
04-Jan-2022 18:14:35.385 INFO [http-nio-8080-exec-119] org.apache.catalina.core.ApplicationContext.log Manager: list: Listing contexts for virtual host 'localhost'
04-Jan-2022 18:14:35.389 INFO [http-nio-8080-exec-116] org.apache.catalina.core.ApplicationContext.log Manager: restart: Reloading web application '/RESTService'
04-Jan-2022 18:15:03.630 INFO [http-nio-8080-exec-121] org.apache.catalina.core.ApplicationContext.log Manager: list: Listing contexts for virtual host 'localhost'
04-Jan-2022 18:15:03.636 INFO [http-nio-8080-exec-119] org.apache.catalina.core.ApplicationContext.log Manager: restart: Reloading web application '/RESTService'
04-Jan-2022 18:15:06.106 INFO [http-nio-8080-exec-120] org.apache.catalina.core.ApplicationContext.log Manager: list: Listing contexts for virtual host 'localhost'
04-Jan-2022 18:15:06.111 INFO [http-nio-8080-exec-118] org.apache.catalina.core.ApplicationContext.log Manager: restart: Reloading web application '/RESTService'
04-Jan-2022 18:15:17.377 INFO [http-nio-8080-exec-113] org.apache.catalina.core.ApplicationContext.log Manager: list: Listing contexts for virtual host 'localhost'
04-Jan-2022 18:15:17.381 INFO [http-nio-8080-exec-106] org.apache.catalina.core.ApplicationContext.log Manager: restart: Reloading web application '/RESTService'
04-Jan-2022 18:15:29.843 INFO [http-nio-8080-exec-113] org.apache.catalina.core.ApplicationContext.log Manager: list: Listing contexts for virtual host 'localhost'
04-Jan-2022 18:15:29.847 INFO [http-nio-8080-exec-123] org.apache.catalina.core.ApplicationContext.log Manager: restart: Reloading web application '/RESTService'
04-Jan-2022 18:15:36.659 INFO [http-nio-8080-exec-113] org.apache.catalina.core.ApplicationContext.log Manager: list: Listing contexts for virtual host 'localhost'
04-Jan-2022 18:15:36.663 INFO [http-nio-8080-exec-128] org.apache.catalina.core.ApplicationContext.log Manager: restart: Reloading web application '/RESTService'
04-Jan-2022 18:15:43.319 INFO [http-nio-8080-exec-126] org.apache.catalina.core.ApplicationContext.log Manager: list: Listing contexts for virtual host 'localhost'
04-Jan-2022 18:15:43.323 INFO [http-nio-8080-exec-124] org.apache.catalina.core.ApplicationContext.log Manager: restart: Reloading web application '/RESTService'
04-Jan-2022 18:15:56.476 INFO [http-nio-8080-exec-121] org.apache.catalina.core.ApplicationContext.log Manager: list: Listing contexts for virtual host 'localhost'
04-Jan-2022 18:15:56.480 INFO [http-nio-8080-exec-133] org.apache.catalina.core.ApplicationContext.log Manager: restart: Reloading web application '/RESTService'
04-Jan-2022 18:15:58.880 INFO [http-nio-8080-exec-135] org.apache.catalina.core.ApplicationContext.log Manager: list: Listing contexts for virtual host 'localhost'
04-Jan-2022 18:15:58.885 INFO [http-nio-8080-exec-134] org.apache.catalina.core.ApplicationContext.log Manager: restart: Reloading web application '/RESTService'
04-Jan-2022 18:16:05.348 INFO [http-nio-8080-exec-126] org.apache.catalina.core.ApplicationContext.log Manager: list: Listing contexts for virtual host 'localhost'
04-Jan-2022 18:16:05.352 INFO [http-nio-8080-exec-121] org.apache.catalina.core.ApplicationContext.log Manager: restart: Reloading web application '/RESTService'
04-Jan-2022 18:16:20.097 INFO [http-nio-8080-exec-126] org.apache.catalina.core.ApplicationContext.log Manager: list: Listing contexts for virtual host 'localhost'
04-Jan-2022 18:16:20.101 INFO [http-nio-8080-exec-120] org.apache.catalina.core.ApplicationContext.log Manager: restart: Reloading web application '/RESTService'
04-Jan-2022 18:16:22.555 INFO [http-nio-8080-exec-138] org.apache.catalina.core.ApplicationContext.log Manager: list: Listing contexts for virtual host 'localhost'
04-Jan-2022 18:16:22.560 INFO [http-nio-8080-exec-136] org.apache.catalina.core.ApplicationContext.log Manager: restart: Reloading web application '/RESTService'
04-Jan-2022 18:16:34.020 INFO [http-nio-8080-exec-138] org.apache.catalina.core.ApplicationContext.log Manager: list: Listing contexts for virtual host 'localhost'
04-Jan-2022 18:16:34.024 INFO [http-nio-8080-exec-135] org.apache.catalina.core.ApplicationContext.log Manager: restart: Reloading web application '/RESTService'
04-Jan-2022 18:16:38.087 INFO [http-nio-8080-exec-131] org.apache.catalina.core.ApplicationContext.log Manager: list: Listing contexts for virtual host 'localhost'
04-Jan-2022 18:16:38.091 INFO [http-nio-8080-exec-138] org.apache.catalina.core.ApplicationContext.log Manager: restart: Reloading web application '/RESTService'
04-Jan-2022 18:17:21.511 INFO [http-nio-8080-exec-140] org.apache.catalina.core.ApplicationContext.log Manager: list: Listing contexts for virtual host 'localhost'
04-Jan-2022 18:17:21.515 INFO [http-nio-8080-exec-139] org.apache.catalina.core.ApplicationContext.log Manager: restart: Reloading web application '/RESTService'
04-Jan-2022 18:17:46.126 INFO [http-nio-8080-exec-142] org.apache.catalina.core.ApplicationContext.log Manager: list: Listing contexts for virtual host 'localhost'
04-Jan-2022 18:17:46.130 INFO [http-nio-8080-exec-141] org.apache.catalina.core.ApplicationContext.log Manager: restart: Reloading web application '/RESTService'
04-Jan-2022 18:17:50.107 INFO [http-nio-8080-exec-146] org.apache.catalina.core.ApplicationContext.log Manager: list: Listing contexts for virtual host 'localhost'
04-Jan-2022 18:17:50.111 INFO [http-nio-8080-exec-148] org.apache.catalina.core.ApplicationContext.log Manager: restart: Reloading web application '/RESTService'
04-Jan-2022 18:18:09.067 INFO [http-nio-8080-exec-145] org.apache.catalina.core.ApplicationContext.log Manager: list: Listing contexts for virtual host 'localhost'
04-Jan-2022 18:18:09.071 INFO [http-nio-8080-exec-149] org.apache.catalina.core.ApplicationContext.log Manager: restart: Reloading web application '/RESTService'
04-Jan-2022 18:18:25.914 INFO [http-nio-8080-exec-150] org.apache.catalina.core.ApplicationContext.log Manager: list: Listing contexts for virtual host 'localhost'
04-Jan-2022 18:18:25.917 INFO [http-nio-8080-exec-145] org.apache.catalina.core.ApplicationContext.log Manager: restart: Reloading web application '/RESTService'
04-Jan-2022 18:18:38.426 INFO [http-nio-8080-exec-154] org.apache.catalina.core.ApplicationContext.log Manager: list: Listing contexts for virtual host 'localhost'
04-Jan-2022 18:18:38.431 INFO [http-nio-8080-exec-131] org.apache.catalina.core.ApplicationContext.log Manager: restart: Reloading web application '/RESTService'
04-Jan-2022 18:20:21.190 INFO [http-nio-8080-exec-161] org.apache.catalina.core.ApplicationContext.log Manager: list: Listing contexts for virtual host 'localhost'
04-Jan-2022 18:20:21.194 INFO [http-nio-8080-exec-151] org.apache.catalina.core.ApplicationContext.log Manager: restart: Reloading web application '/RESTService'
04-Jan-2022 18:24:32.370 INFO [http-nio-8080-exec-164] org.apache.catalina.core.ApplicationContext.log Manager: list: Listing contexts for virtual host 'localhost'
04-Jan-2022 18:24:32.373 INFO [http-nio-8080-exec-165] org.apache.catalina.core.ApplicationContext.log Manager: restart: Reloading web application '/RESTService'
04-Jan-2022 18:26:05.736 INFO [http-nio-8080-exec-171] org.apache.catalina.core.ApplicationContext.log Manager: list: Listing contexts for virtual host 'localhost'
04-Jan-2022 18:26:05.739 INFO [http-nio-8080-exec-169] org.apache.catalina.core.ApplicationContext.log Manager: restart: Reloading web application '/RESTService'
04-Jan-2022 18:26:08.721 INFO [http-nio-8080-exec-162] org.apache.catalina.core.ApplicationContext.log Manager: list: Listing contexts for virtual host 'localhost'
04-Jan-2022 18:26:08.725 INFO [http-nio-8080-exec-172] org.apache.catalina.core.ApplicationContext.log Manager: restart: Reloading web application '/RESTService'
04-Jan-2022 18:26:11.714 INFO [http-nio-8080-exec-167] org.apache.catalina.core.ApplicationContext.log Manager: list: Listing contexts for virtual host 'localhost'
04-Jan-2022 18:26:11.718 INFO [http-nio-8080-exec-162] org.apache.catalina.core.ApplicationContext.log Manager: restart: Reloading web application '/RESTService'
04-Jan-2022 18:26:31.485 INFO [http-nio-8080-exec-173] org.apache.catalina.core.ApplicationContext.log Manager: list: Listing contexts for virtual host 'localhost'
04-Jan-2022 18:26:31.489 INFO [http-nio-8080-exec-176] org.apache.catalina.core.ApplicationContext.log Manager: restart: Reloading web application '/RESTService'
04-Jan-2022 18:26:45.303 INFO [http-nio-8080-exec-180] org.apache.catalina.core.ApplicationContext.log Manager: list: Listing contexts for virtual host 'localhost'
04-Jan-2022 18:26:45.308 INFO [http-nio-8080-exec-174] org.apache.catalina.core.ApplicationContext.log Manager: restart: Reloading web application '/RESTService'
04-Jan-2022 18:27:07.727 INFO [http-nio-8080-exec-170] org.apache.catalina.core.ApplicationContext.log Manager: list: Listing contexts for virtual host 'localhost'
04-Jan-2022 18:27:07.731 INFO [http-nio-8080-exec-182] org.apache.catalina.core.ApplicationContext.log Manager: restart: Reloading web application '/RESTService'
04-Jan-2022 18:27:14.296 INFO [http-nio-8080-exec-184] org.apache.catalina.core.ApplicationContext.log Manager: list: Listing contexts for virtual host 'localhost'
04-Jan-2022 18:27:14.299 INFO [http-nio-8080-exec-173] org.apache.catalina.core.ApplicationContext.log Manager: restart: Reloading web application '/RESTService'
04-Jan-2022 18:27:27.102 INFO [http-nio-8080-exec-185] org.apache.catalina.core.ApplicationContext.log Manager: list: Listing contexts for virtual host 'localhost'
04-Jan-2022 18:27:27.106 INFO [http-nio-8080-exec-170] org.apache.catalina.core.ApplicationContext.log Manager: restart: Reloading web application '/RESTService'
04-Jan-2022 18:27:33.477 INFO [http-nio-8080-exec-188] org.apache.catalina.core.ApplicationContext.log Manager: list: Listing contexts for virtual host 'localhost'
04-Jan-2022 18:27:33.480 INFO [http-nio-8080-exec-184] org.apache.catalina.core.ApplicationContext.log Manager: restart: Reloading web application '/RESTService'
04-Jan-2022 18:33:03.754 INFO [http-nio-8080-exec-194] org.apache.catalina.core.ApplicationContext.log Manager: list: Listing contexts for virtual host 'localhost'
04-Jan-2022 18:33:03.758 INFO [http-nio-8080-exec-193] org.apache.catalina.core.ApplicationContext.log Manager: restart: Reloading web application '/RESTService'
04-Jan-2022 18:38:04.471 INFO [http-nio-8080-exec-203] org.apache.catalina.core.ApplicationContext.log Manager: list: Listing contexts for virtual host 'localhost'
04-Jan-2022 18:38:04.476 INFO [http-nio-8080-exec-204] org.apache.catalina.core.ApplicationContext.log Manager: restart: Reloading web application '/RESTService'
04-Jan-2022 18:38:09.791 INFO [http-nio-8080-exec-202] org.apache.catalina.core.ApplicationContext.log Manager: list: Listing contexts for virtual host 'localhost'
04-Jan-2022 18:38:09.795 INFO [http-nio-8080-exec-206] org.apache.catalina.core.ApplicationContext.log Manager: restart: Reloading web application '/RESTService'
04-Jan-2022 18:38:26.772 INFO [http-nio-8080-exec-212] org.apache.catalina.core.ApplicationContext.log Manager: list: Listing contexts for virtual host 'localhost'
04-Jan-2022 18:38:26.777 INFO [http-nio-8080-exec-201] org.apache.catalina.core.ApplicationContext.log Manager: restart: Reloading web application '/RESTService'
04-Jan-2022 18:38:39.785 INFO [http-nio-8080-exec-209] org.apache.catalina.core.ApplicationContext.log Manager: list: Listing contexts for virtual host 'localhost'
04-Jan-2022 18:38:39.789 INFO [http-nio-8080-exec-213] org.apache.catalina.core.ApplicationContext.log Manager: restart: Reloading web application '/RESTService'
04-Jan-2022 18:38:42.105 INFO [http-nio-8080-exec-216] org.apache.catalina.core.ApplicationContext.log Manager: list: Listing contexts for virtual host 'localhost'
04-Jan-2022 18:38:42.109 INFO [http-nio-8080-exec-207] org.apache.catalina.core.ApplicationContext.log Manager: restart: Reloading web application '/RESTService'
04-Jan-2022 18:38:57.362 INFO [http-nio-8080-exec-202] org.apache.catalina.core.ApplicationContext.log Manager: list: Listing contexts for virtual host 'localhost'
04-Jan-2022 18:38:57.367 INFO [http-nio-8080-exec-210] org.apache.catalina.core.ApplicationContext.log Manager: restart: Reloading web application '/RESTService'
04-Jan-2022 18:54:58.914 INFO [http-nio-8080-exec-228] org.apache.catalina.core.ApplicationContext.log Manager: list: Listing contexts for virtual host 'localhost'
04-Jan-2022 18:54:58.917 INFO [http-nio-8080-exec-229] org.apache.catalina.core.ApplicationContext.log Manager: undeploy: Undeploying web application at '/RESTService'
04-Jan-2022 18:55:05.998 INFO [http-nio-8080-exec-224] org.apache.catalina.core.ApplicationContext.log Manager: list: Listing contexts for virtual host 'localhost'
04-Jan-2022 18:55:05.999 INFO [http-nio-8080-exec-228] org.apache.catalina.core.ApplicationContext.log Manager: list: Listing contexts for virtual host 'localhost'
04-Jan-2022 18:55:06.003 INFO [http-nio-8080-exec-221] org.apache.catalina.core.ApplicationContext.log Manager: install: Installing context configuration at 'file:/C:/Users/hassa/AppData/Local/Temp/context993517790607634365.xml'
04-Jan-2022 18:55:08.094 INFO [http-nio-8080-exec-230] org.apache.catalina.core.ApplicationContext.log Manager: start: Starting web application '/RESTService'
04-Jan-2022 18:58:01.613 INFO [http-nio-8080-exec-235] org.apache.catalina.core.ApplicationContext.log Manager: list: Listing contexts for virtual host 'localhost'
04-Jan-2022 18:58:01.614 INFO [http-nio-8080-exec-239] org.apache.catalina.core.ApplicationContext.log Manager: list: Listing contexts for virtual host 'localhost'
04-Jan-2022 18:58:01.617 INFO [http-nio-8080-exec-238] org.apache.catalina.core.ApplicationContext.log Manager: undeploy: Undeploying web application at '/RESTService'
04-Jan-2022 18:58:02.147 INFO [http-nio-8080-exec-236] org.apache.catalina.core.ApplicationContext.log Manager: install: Installing context configuration at 'file:/C:/Users/hassa/AppData/Local/Temp/context2809426406865570709.xml'
04-Jan-2022 18:58:04.199 INFO [http-nio-8080-exec-230] org.apache.catalina.core.ApplicationContext.log Manager: start: Starting web application '/RESTService'
04-Jan-2022 19:12:06.961 INFO [http-nio-8080-exec-248] org.apache.catalina.core.ApplicationContext.log Manager: list: Listing contexts for virtual host 'localhost'
04-Jan-2022 19:12:06.962 INFO [http-nio-8080-exec-249] org.apache.catalina.core.ApplicationContext.log Manager: list: Listing contexts for virtual host 'localhost'
04-Jan-2022 19:12:06.964 INFO [http-nio-8080-exec-241] org.apache.catalina.core.ApplicationContext.log Manager: undeploy: Undeploying web application at '/RESTService'
04-Jan-2022 19:12:07.485 INFO [http-nio-8080-exec-244] org.apache.catalina.core.ApplicationContext.log Manager: install: Installing context configuration at 'file:/C:/Users/hassa/AppData/Local/Temp/context7207150168914476667.xml'
04-Jan-2022 19:12:09.492 INFO [http-nio-8080-exec-242] org.apache.catalina.core.ApplicationContext.log Manager: start: Starting web application '/RESTService'
04-Jan-2022 19:17:23.705 INFO [http-nio-8080-exec-254] org.apache.catalina.core.ApplicationContext.log Manager: list: Listing contexts for virtual host 'localhost'
04-Jan-2022 19:17:23.706 INFO [http-nio-8080-exec-259] org.apache.catalina.core.ApplicationContext.log Manager: list: Listing contexts for virtual host 'localhost'
04-Jan-2022 19:17:23.709 INFO [http-nio-8080-exec-250] org.apache.catalina.core.ApplicationContext.log Manager: undeploy: Undeploying web application at '/RESTService'
04-Jan-2022 19:17:24.225 INFO [http-nio-8080-exec-252] org.apache.catalina.core.ApplicationContext.log Manager: install: Installing context configuration at 'file:/C:/Users/hassa/AppData/Local/Temp/context6508714786555560584.xml'
04-Jan-2022 19:17:26.268 INFO [http-nio-8080-exec-259] org.apache.catalina.core.ApplicationContext.log Manager: start: Starting web application '/RESTService'
04-Jan-2022 19:18:48.955 INFO [http-nio-8080-exec-265] org.apache.catalina.core.ApplicationContext.log Manager: list: Listing contexts for virtual host 'localhost'
04-Jan-2022 19:18:48.956 INFO [http-nio-8080-exec-267] org.apache.catalina.core.ApplicationContext.log Manager: list: Listing contexts for virtual host 'localhost'
04-Jan-2022 19:18:48.959 INFO [http-nio-8080-exec-268] org.apache.catalina.core.ApplicationContext.log Manager: undeploy: Undeploying web application at '/RESTService'
04-Jan-2022 19:18:49.477 INFO [http-nio-8080-exec-262] org.apache.catalina.core.ApplicationContext.log Manager: install: Installing context configuration at 'file:/C:/Users/hassa/AppData/Local/Temp/context1435855066931877189.xml'
04-Jan-2022 19:18:51.486 INFO [http-nio-8080-exec-266] org.apache.catalina.core.ApplicationContext.log Manager: start: Starting web application '/RESTService'
